#
# There is insufficient memory for the Java Runtime Environment to continue.
# Native memory allocation (malloc) failed to allocate 1048592 bytes for Chunk::new
# Possible reasons:
#   The system is out of physical RAM or swap space
#   The process is running with CompressedOops enabled, and the Java Heap may be blocking the growth of the native heap
# Possible solutions:
#   Reduce memory load on the system
#   Increase physical memory or swap space
#   Check if swap backing store is full
#   Decrease Java heap size (-Xmx/-Xms)
#   Decrease number of Java threads
#   Decrease Java thread stack sizes (-Xss)
#   Set larger code cache with -XX:ReservedCodeCacheSize=
#   JVM is running with Unscaled Compressed Oops mode in which the Java heap is
#     placed in the first 4GB address space. The Java Heap base address is the
#     maximum limit for the native heap growth. Please use -XX:HeapBaseMinAddress
#     to set the Java Heap base and to place the Java Heap above 4GB virtual address.
# This output file may be truncated or incomplete.
#
#  Out of Memory Error (allocation.cpp:389), pid=24548, tid=0x0000000000004938
#
# JRE version: Java(TM) SE Runtime Environment (8.0_261-b12) (build 1.8.0_261-b12)
# Java VM: Java HotSpot(TM) 64-Bit Server VM (25.261-b12 mixed mode windows-amd64 compressed oops)
# Failed to write core dump. Minidumps are not enabled by default on client versions of Windows
#

---------------  T H R E A D  ---------------

Current thread (0x000001e12e572800):  JavaThread "C2 CompilerThread0" daemon [_thread_in_native, id=18744, stack(0x0000006e72e00000,0x0000006e72f00000)]

Stack: [0x0000006e72e00000,0x0000006e72f00000]
Native frames: (J=compiled Java code, j=interpreted, Vv=VM code, C=native code)
V  [jvm.dll+0x33e5f9]
V  [jvm.dll+0x2850e2]
V  [jvm.dll+0x285d8d]
V  [jvm.dll+0x27c895]
V  [jvm.dll+0xe4d6c]
V  [jvm.dll+0xe556c]
V  [jvm.dll+0xe50bd]
V  [jvm.dll+0x4d5e08]
V  [jvm.dll+0x4328ec]
V  [jvm.dll+0x4c5ff5]
V  [jvm.dll+0x4c4a0e]
V  [jvm.dll+0x44f6fe]
V  [jvm.dll+0x44ecb5]
V  [jvm.dll+0x439bc7]
V  [jvm.dll+0xbbbcb]
V  [jvm.dll+0xba22b]
V  [jvm.dll+0x24d962]
V  [jvm.dll+0x2a1cfc]
C  [ucrtbase.dll+0x1e3fe]
C  [KERNEL32.DLL+0x14034]
C  [ntdll.dll+0x73691]


Current CompileTask:
C2:  78024  991 %     4       Algorithm::variation @ 145 (7775 bytes)


---------------  P R O C E S S  ---------------

Java Threads: ( => current thread )
  0x000001e12e61d000 JavaThread "Service Thread" daemon [_thread_blocked, id=4660, stack(0x0000006e73200000,0x0000006e73300000)]
  0x000001e12e57a000 JavaThread "C1 CompilerThread3" daemon [_thread_blocked, id=8008, stack(0x0000006e73100000,0x0000006e73200000)]
  0x000001e12e579000 JavaThread "C2 CompilerThread2" daemon [_thread_blocked, id=28892, stack(0x0000006e73000000,0x0000006e73100000)]
  0x000001e12e573000 JavaThread "C2 CompilerThread1" daemon [_thread_blocked, id=29784, stack(0x0000006e72f00000,0x0000006e73000000)]
=>0x000001e12e572800 JavaThread "C2 CompilerThread0" daemon [_thread_in_native, id=18744, stack(0x0000006e72e00000,0x0000006e72f00000)]
  0x000001e12e571000 JavaThread "Monitor Ctrl-Break" daemon [_thread_in_native, id=1836, stack(0x0000006e72d00000,0x0000006e72e00000)]
  0x000001e12c707000 JavaThread "Attach Listener" daemon [_thread_blocked, id=28800, stack(0x0000006e72c00000,0x0000006e72d00000)]
  0x000001e12c69a800 JavaThread "Signal Dispatcher" daemon [_thread_blocked, id=11784, stack(0x0000006e72b00000,0x0000006e72c00000)]
  0x000001e12c683000 JavaThread "Finalizer" daemon [_thread_blocked, id=11756, stack(0x0000006e72a00000,0x0000006e72b00000)]
  0x000001e12c678000 JavaThread "Reference Handler" daemon [_thread_blocked, id=18588, stack(0x0000006e72900000,0x0000006e72a00000)]
  0x000001e1165c2000 JavaThread "main" [_thread_in_Java, id=27800, stack(0x0000006e71f00000,0x0000006e72000000)]

Other Threads:
  0x000001e12c650800 VMThread [stack: 0x0000006e72800000,0x0000006e72900000] [id=26352]
  0x000001e12e643000 WatcherThread [stack: 0x0000006e73300000,0x0000006e73400000] [id=29348]

VM state:not at safepoint (normal execution)

VM Mutex/Monitor currently owned by a thread: None

heap address: 0x0000000081e00000, size: 2018 MB, Compressed Oops mode: 32-bit
Narrow klass base: 0x0000000000000000, Narrow klass shift: 3
Compressed class space size: 1073741824 Address: 0x0000000100000000

Heap:
 PSYoungGen      total 456704K, used 217362K [0x00000000d5f80000, 0x0000000100000000, 0x0000000100000000)
  eden space 229888K, 22% used [0x00000000d5f80000,0x00000000d90e4bd8,0x00000000e4000000)
  from space 226816K, 73% used [0x00000000f2280000,0x00000000fc560000,0x0000000100000000)
  to   space 229376K, 0% used [0x00000000e4000000,0x00000000e4000000,0x00000000f2000000)
 ParOldGen       total 706560K, used 498311K [0x0000000081e00000, 0x00000000ad000000, 0x00000000d5f80000)
  object space 706560K, 70% used [0x0000000081e00000,0x00000000a04a1f40,0x00000000ad000000)
 Metaspace       used 5841K, capacity 6048K, committed 6400K, reserved 1056768K
  class space    used 595K, capacity 670K, committed 768K, reserved 1048576K

Card table byte_map: [0x000001e127230000,0x000001e127630000] byte_map_base: 0x000001e126e21000

Marking Bits: (ParMarkBitMap*) 0x0000000062d34fb0
 Begin Bits: [0x000001e1278e0000, 0x000001e129868000)
 End Bits:   [0x000001e129868000, 0x000001e12b7f0000)

Polling page: 0x000001e117e40000

CodeCache: size=245760Kb used=8262Kb max_used=14694Kb free=237497Kb
 bounds [0x000001e117e70000, 0x000001e118d10000, 0x000001e126e70000]
 total_blobs=1069 nmethods=747 adapters=235
 compilation: enabled

Compilation events (10 events):
Event: 73.762 Thread 0x000001e12e57a000  987       3       java.io.File::isInvalid (47 bytes)
Event: 73.762 Thread 0x000001e12e57a000 nmethod 987 0x000001e117ff21d0 code [0x000001e117ff2340, 0x000001e117ff2770]
Event: 73.762 Thread 0x000001e12e57a000  988       3       sun.misc.FloatingDecimal$BinaryToASCIIBuffer::roundup (104 bytes)
Event: 73.763 Thread 0x000001e12e57a000 nmethod 988 0x000001e117fed0d0 code [0x000001e117fed240, 0x000001e117fed5b8]
Event: 73.773 Thread 0x000001e12e579000  989 %     4       Individual::determinOW @ 565 (1057 bytes)
Event: 73.795 Thread 0x000001e12e573000 nmethod 986% 0x000001e118486790 code [0x000001e1184869a0, 0x000001e1184878f8]
Event: 73.886 Thread 0x000001e12e57a000  990       3       Individual$$Lambda$3/1338668845::applyAsInt (8 bytes)
Event: 73.886 Thread 0x000001e12e57a000 nmethod 990 0x000001e117fbb690 code [0x000001e117fbb800, 0x000001e117fbbad8]
Event: 74.267 Thread 0x000001e12e579000 nmethod 989% 0x000001e11810fe10 code [0x000001e1181106a0, 0x000001e1181170f8]
Event: 77.674 Thread 0x000001e12e572800  991 %     4       Algorithm::variation @ 145 (7775 bytes)

GC Heap History (10 events):
Event: 75.329 GC heap before
{Heap before GC invocations=72 (full 6):
 PSYoungGen      total 257536K, used 257472K [0x00000000d5f80000, 0x00000000ffb00000, 0x0000000100000000)
  eden space 229888K, 100% used [0x00000000d5f80000,0x00000000e4000000,0x00000000e4000000)
  from space 27648K, 99% used [0x00000000e4000000,0x00000000e5af0000,0x00000000e5b00000)
  to   space 226816K, 0% used [0x00000000f1d80000,0x00000000f1d80000,0x00000000ffb00000)
 ParOldGen       total 706560K, used 498311K [0x0000000081e00000, 0x00000000ad000000, 0x00000000d5f80000)
  object space 706560K, 70% used [0x0000000081e00000,0x00000000a04a1f40,0x00000000ad000000)
 Metaspace       used 5841K, capacity 6048K, committed 6400K, reserved 1056768K
  class space    used 595K, capacity 670K, committed 768K, reserved 1048576K
Event: 75.360 GC heap after
Heap after GC invocations=72 (full 6):
 PSYoungGen      total 444416K, used 54368K [0x00000000d5f80000, 0x00000000fe580000, 0x0000000100000000)
  eden space 239616K, 0% used [0x00000000d5f80000,0x00000000d5f80000,0x00000000e4980000)
  from space 204800K, 26% used [0x00000000f1d80000,0x00000000f5298000,0x00000000fe580000)
  to   space 210944K, 0% used [0x00000000e4980000,0x00000000e4980000,0x00000000f1780000)
 ParOldGen       total 706560K, used 498311K [0x0000000081e00000, 0x00000000ad000000, 0x00000000d5f80000)
  object space 706560K, 70% used [0x0000000081e00000,0x00000000a04a1f40,0x00000000ad000000)
 Metaspace       used 5841K, capacity 6048K, committed 6400K, reserved 1056768K
  class space    used 595K, capacity 670K, committed 768K, reserved 1048576K
}
Event: 75.833 GC heap before
{Heap before GC invocations=73 (full 6):
 PSYoungGen      total 444416K, used 293984K [0x00000000d5f80000, 0x00000000fe580000, 0x0000000100000000)
  eden space 239616K, 100% used [0x00000000d5f80000,0x00000000e4980000,0x00000000e4980000)
  from space 204800K, 26% used [0x00000000f1d80000,0x00000000f5298000,0x00000000fe580000)
  to   space 210944K, 0% used [0x00000000e4980000,0x00000000e4980000,0x00000000f1780000)
 ParOldGen       total 706560K, used 498311K [0x0000000081e00000, 0x00000000ad000000, 0x00000000d5f80000)
  object space 706560K, 70% used [0x0000000081e00000,0x00000000a04a1f40,0x00000000ad000000)
 Metaspace       used 5841K, capacity 6048K, committed 6400K, reserved 1056768K
  class space    used 595K, capacity 670K, committed 768K, reserved 1048576K
Event: 75.881 GC heap after
Heap after GC invocations=73 (full 6):
 PSYoungGen      total 450560K, used 81536K [0x00000000d5f80000, 0x00000000fe980000, 0x0000000100000000)
  eden space 239616K, 0% used [0x00000000d5f80000,0x00000000d5f80000,0x00000000e4980000)
  from space 210944K, 38% used [0x00000000e4980000,0x00000000e9920000,0x00000000f1780000)
  to   space 206848K, 0% used [0x00000000f1f80000,0x00000000f1f80000,0x00000000fe980000)
 ParOldGen       total 706560K, used 498311K [0x0000000081e00000, 0x00000000ad000000, 0x00000000d5f80000)
  object space 706560K, 70% used [0x0000000081e00000,0x00000000a04a1f40,0x00000000ad000000)
 Metaspace       used 5841K, capacity 6048K, committed 6400K, reserved 1056768K
  class space    used 595K, capacity 670K, committed 768K, reserved 1048576K
}
Event: 76.378 GC heap before
{Heap before GC invocations=74 (full 6):
 PSYoungGen      total 450560K, used 321152K [0x00000000d5f80000, 0x00000000fe980000, 0x0000000100000000)
  eden space 239616K, 100% used [0x00000000d5f80000,0x00000000e4980000,0x00000000e4980000)
  from space 210944K, 38% used [0x00000000e4980000,0x00000000e9920000,0x00000000f1780000)
  to   space 206848K, 0% used [0x00000000f1f80000,0x00000000f1f80000,0x00000000fe980000)
 ParOldGen       total 706560K, used 498311K [0x0000000081e00000, 0x00000000ad000000, 0x00000000d5f80000)
  object space 706560K, 70% used [0x0000000081e00000,0x00000000a04a1f40,0x00000000ad000000)
 Metaspace       used 5841K, capacity 6048K, committed 6400K, reserved 1056768K
  class space    used 595K, capacity 670K, committed 768K, reserved 1048576K
Event: 76.448 GC heap after
Heap after GC invocations=74 (full 6):
 PSYoungGen      total 453120K, used 109984K [0x00000000d5f80000, 0x00000000ff780000, 0x0000000100000000)
  eden space 246272K, 0% used [0x00000000d5f80000,0x00000000d5f80000,0x00000000e5000000)
  from space 206848K, 53% used [0x00000000f1f80000,0x00000000f8ae8000,0x00000000fe980000)
  to   space 212480K, 0% used [0x00000000e5000000,0x00000000e5000000,0x00000000f1f80000)
 ParOldGen       total 706560K, used 498311K [0x0000000081e00000, 0x00000000ad000000, 0x00000000d5f80000)
  object space 706560K, 70% used [0x0000000081e00000,0x00000000a04a1f40,0x00000000ad000000)
 Metaspace       used 5841K, capacity 6048K, committed 6400K, reserved 1056768K
  class space    used 595K, capacity 670K, committed 768K, reserved 1048576K
}
Event: 77.068 GC heap before
{Heap before GC invocations=75 (full 6):
 PSYoungGen      total 453120K, used 356256K [0x00000000d5f80000, 0x00000000ff780000, 0x0000000100000000)
  eden space 246272K, 100% used [0x00000000d5f80000,0x00000000e5000000,0x00000000e5000000)
  from space 206848K, 53% used [0x00000000f1f80000,0x00000000f8ae8000,0x00000000fe980000)
  to   space 212480K, 0% used [0x00000000e5000000,0x00000000e5000000,0x00000000f1f80000)
 ParOldGen       total 706560K, used 498311K [0x0000000081e00000, 0x00000000ad000000, 0x00000000d5f80000)
  object space 706560K, 70% used [0x0000000081e00000,0x00000000a04a1f40,0x00000000ad000000)
 Metaspace       used 5841K, capacity 6048K, committed 6400K, reserved 1056768K
  class space    used 595K, capacity 670K, committed 768K, reserved 1048576K
Event: 77.134 GC heap after
Heap after GC invocations=75 (full 6):
 PSYoungGen      total 458752K, used 137888K [0x00000000d5f80000, 0x0000000100000000, 0x0000000100000000)
  eden space 246272K, 0% used [0x00000000d5f80000,0x00000000d5f80000,0x00000000e5000000)
  from space 212480K, 64% used [0x00000000e5000000,0x00000000ed6a8000,0x00000000f1f80000)
  to   space 226816K, 0% used [0x00000000f2280000,0x00000000f2280000,0x0000000100000000)
 ParOldGen       total 706560K, used 498311K [0x0000000081e00000, 0x00000000ad000000, 0x00000000d5f80000)
  object space 706560K, 70% used [0x0000000081e00000,0x00000000a04a1f40,0x00000000ad000000)
 Metaspace       used 5841K, capacity 6048K, committed 6400K, reserved 1056768K
  class space    used 595K, capacity 670K, committed 768K, reserved 1048576K
}
Event: 77.748 GC heap before
{Heap before GC invocations=76 (full 6):
 PSYoungGen      total 458752K, used 384160K [0x00000000d5f80000, 0x0000000100000000, 0x0000000100000000)
  eden space 246272K, 100% used [0x00000000d5f80000,0x00000000e5000000,0x00000000e5000000)
  from space 212480K, 64% used [0x00000000e5000000,0x00000000ed6a8000,0x00000000f1f80000)
  to   space 226816K, 0% used [0x00000000f2280000,0x00000000f2280000,0x0000000100000000)
 ParOldGen       total 706560K, used 498311K [0x0000000081e00000, 0x00000000ad000000, 0x00000000d5f80000)
  object space 706560K, 70% used [0x0000000081e00000,0x00000000a04a1f40,0x00000000ad000000)
 Metaspace       used 5841K, capacity 6048K, committed 6400K, reserved 1056768K
  class space    used 595K, capacity 670K, committed 768K, reserved 1048576K
Event: 77.824 GC heap after
Heap after GC invocations=76 (full 6):
 PSYoungGen      total 456704K, used 166784K [0x00000000d5f80000, 0x0000000100000000, 0x0000000100000000)
  eden space 229888K, 0% used [0x00000000d5f80000,0x00000000d5f80000,0x00000000e4000000)
  from space 226816K, 73% used [0x00000000f2280000,0x00000000fc560000,0x0000000100000000)
  to   space 229376K, 0% used [0x00000000e4000000,0x00000000e4000000,0x00000000f2000000)
 ParOldGen       total 706560K, used 498311K [0x0000000081e00000, 0x00000000ad000000, 0x00000000d5f80000)
  object space 706560K, 70% used [0x0000000081e00000,0x00000000a04a1f40,0x00000000ad000000)
 Metaspace       used 5841K, capacity 6048K, committed 6400K, reserved 1056768K
  class space    used 595K, capacity 670K, committed 768K, reserved 1048576K
}

Deoptimization events (10 events):
Event: 27.432 Thread 0x000001e1165c2000 Uncommon trap: reason=unstable_if action=reinterpret pc=0x000001e117fa704c method=java.lang.Long.numberOfTrailingZeros(J)I @ 17
Event: 27.745 Thread 0x000001e1165c2000 Uncommon trap: reason=intrinsic action=make_not_entrant pc=0x000001e118caa8f0 method=Algorithm.variation(LIndividual;LIndividual;DLTAOG;)Ljava/util/List; @ 1565
Event: 28.403 Thread 0x000001e1165c2000 Uncommon trap: reason=intrinsic action=make_not_entrant pc=0x000001e118c512c0 method=Algorithm.variation(LIndividual;LIndividual;DLTAOG;)Ljava/util/List; @ 1565
Event: 30.156 Thread 0x000001e1165c2000 Uncommon trap: reason=intrinsic action=make_not_entrant pc=0x000001e1185301cc method=Algorithm.variation(LIndividual;LIndividual;DLTAOG;)Ljava/util/List; @ 1668
Event: 30.435 Thread 0x000001e1165c2000 Uncommon trap: reason=unstable_if action=reinterpret pc=0x000001e1184046ec method=java.util.Random.nextInt(I)I @ 58
Event: 32.595 Thread 0x000001e1165c2000 Uncommon trap: reason=intrinsic action=make_not_entrant pc=0x000001e118318774 method=Algorithm.variation(LIndividual;LIndividual;DLTAOG;)Ljava/util/List; @ 432
Event: 35.309 Thread 0x000001e1165c2000 Uncommon trap: reason=intrinsic action=make_not_entrant pc=0x000001e118832718 method=Algorithm.variation(LIndividual;LIndividual;DLTAOG;)Ljava/util/List; @ 5806
Event: 56.648 Thread 0x000001e1165c2000 Uncommon trap: reason=unstable_if action=reinterpret pc=0x000001e1184da1d0 method=Problem.non_dominate_solution(Ljava/util/List;)Ljava/util/List; @ 17
Event: 56.686 Thread 0x000001e1165c2000 Uncommon trap: reason=unstable_if action=reinterpret pc=0x000001e118224ae0 method=sun.misc.FloatingDecimal$BinaryToASCIIBuffer.dtoa(IJIZ)V @ 859
Event: 77.669 Thread 0x000001e1165c2000 Uncommon trap: reason=intrinsic action=make_not_entrant pc=0x000001e1187d4298 method=Algorithm.variation(LIndividual;LIndividual;DLTAOG;)Ljava/util/List; @ 7664

Classes redefined (0 events):
No events

Internal exceptions (8 events):
Event: 0.057 Thread 0x000001e1165c2000 Exception <a 'java/lang/NoSuchMethodError': Method sun.misc.Unsafe.defineClass(Ljava/lang/String;[BII)Ljava/lang/Class; name or signature does not match> (0x00000000d5f87cc0) thrown at [C:\jenkins\workspace\8-2-build-windows-amd64-cygwin\jdk8u261\295\hots
Event: 0.057 Thread 0x000001e1165c2000 Exception <a 'java/lang/NoSuchMethodError': Method sun.misc.Unsafe.prefetchRead(Ljava/lang/Object;J)V name or signature does not match> (0x00000000d5f87fa8) thrown at [C:\jenkins\workspace\8-2-build-windows-amd64-cygwin\jdk8u261\295\hotspot\src\share\vm\p
Event: 0.593 Thread 0x000001e1165c2000 Exception <a 'java/lang/NoSuchFieldError': method resolution failed> (0x00000000d667c8a8) thrown at [C:\jenkins\workspace\8-2-build-windows-amd64-cygwin\jdk8u261\295\hotspot\src\share\vm\prims\methodHandles.cpp, line 1169]
Event: 0.596 Thread 0x000001e1165c2000 Exception <a 'java/lang/NoSuchFieldError': method resolution failed> (0x00000000d668a6f0) thrown at [C:\jenkins\workspace\8-2-build-windows-amd64-cygwin\jdk8u261\295\hotspot\src\share\vm\prims\methodHandles.cpp, line 1169]
Event: 1.555 Thread 0x000001e12c707000 Exception <a 'java/security/PrivilegedActionException'> (0x00000000d6cd50e0) thrown at [C:\jenkins\workspace\8-2-build-windows-amd64-cygwin\jdk8u261\295\hotspot\src\share\vm\prims\jvm.cpp, line 1512]
Event: 1.555 Thread 0x000001e12c707000 Exception <a 'java/security/PrivilegedActionException'> (0x00000000d6cd54d8) thrown at [C:\jenkins\workspace\8-2-build-windows-amd64-cygwin\jdk8u261\295\hotspot\src\share\vm\prims\jvm.cpp, line 1512]
Event: 1.556 Thread 0x000001e12c707000 Exception <a 'java/security/PrivilegedActionException'> (0x00000000d6cd7d38) thrown at [C:\jenkins\workspace\8-2-build-windows-amd64-cygwin\jdk8u261\295\hotspot\src\share\vm\prims\jvm.cpp, line 1512]
Event: 1.556 Thread 0x000001e12c707000 Exception <a 'java/security/PrivilegedActionException'> (0x00000000d6cd8130) thrown at [C:\jenkins\workspace\8-2-build-windows-amd64-cygwin\jdk8u261\295\hotspot\src\share\vm\prims\jvm.cpp, line 1512]

Events (10 events):
Event: 75.881 Executing VM operation: ParallelGCFailedAllocation done
Event: 76.378 Executing VM operation: ParallelGCFailedAllocation
Event: 76.448 Executing VM operation: ParallelGCFailedAllocation done
Event: 77.067 Executing VM operation: ParallelGCFailedAllocation
Event: 77.134 Executing VM operation: ParallelGCFailedAllocation done
Event: 77.669 Thread 0x000001e1165c2000 Uncommon trap: trap_request=0xffffffcc fr.pc=0x000001e1187d4298
Event: 77.669 Thread 0x000001e1165c2000 DEOPT PACKING pc=0x000001e1187d4298 sp=0x0000006e71fff140
Event: 77.670 Thread 0x000001e1165c2000 DEOPT UNPACKING pc=0x000001e117eb5843 sp=0x0000006e71ffef80 mode 2
Event: 77.748 Executing VM operation: ParallelGCFailedAllocation
Event: 77.824 Executing VM operation: ParallelGCFailedAllocation done


Dynamic libraries:
0x00007ff7d0190000 - 0x00007ff7d01d7000 	E:\WORK\Tools\jdk8\bin\java.exe
0x00007ffce1c80000 - 0x00007ffce1e61000 	C:\WINDOWS\SYSTEM32\ntdll.dll
0x00007ffcdf820000 - 0x00007ffcdf8d1000 	C:\WINDOWS\System32\KERNEL32.DLL
0x00007ffcde740000 - 0x00007ffcde9b3000 	C:\WINDOWS\System32\KERNELBASE.dll
0x00007ffce1a60000 - 0x00007ffce1b01000 	C:\WINDOWS\System32\ADVAPI32.dll
0x00007ffcdf6c0000 - 0x00007ffcdf75e000 	C:\WINDOWS\System32\msvcrt.dll
0x00007ffcdf760000 - 0x00007ffcdf7bb000 	C:\WINDOWS\System32\sechost.dll
0x00007ffce1470000 - 0x00007ffce1594000 	C:\WINDOWS\System32\RPCRT4.dll
0x00007ffce12d0000 - 0x00007ffce1461000 	C:\WINDOWS\System32\USER32.dll
0x00007ffcdea20000 - 0x00007ffcdea40000 	C:\WINDOWS\System32\win32u.dll
0x00007ffcdf5a0000 - 0x00007ffcdf5c8000 	C:\WINDOWS\System32\GDI32.dll
0x00007ffcdea40000 - 0x00007ffcdebd3000 	C:\WINDOWS\System32\gdi32full.dll
0x00007ffcdf050000 - 0x00007ffcdf0ef000 	C:\WINDOWS\System32\msvcp_win.dll
0x00007ffcdef50000 - 0x00007ffcdf048000 	C:\WINDOWS\System32\ucrtbase.dll
0x00007ffcc8390000 - 0x00007ffcc85f9000 	C:\WINDOWS\WinSxS\amd64_microsoft.windows.common-controls_6595b64144ccf1df_6.0.17134.1845_none_d3ffcfc77c905a82\COMCTL32.dll
0x00007ffce15c0000 - 0x00007ffce18e1000 	C:\WINDOWS\System32\combase.dll
0x00007ffcdeed0000 - 0x00007ffcdef49000 	C:\WINDOWS\System32\bcryptPrimitives.dll
0x00007ffcdfaa0000 - 0x00007ffcdfacd000 	C:\WINDOWS\System32\IMM32.DLL
0x00007ffcd71c0000 - 0x00007ffcd71d5000 	E:\WORK\Tools\jdk8\jre\bin\vcruntime140.dll
0x00007ffccf300000 - 0x00007ffccf39b000 	E:\WORK\Tools\jdk8\jre\bin\msvcp140.dll
0x0000000062540000 - 0x0000000062dac000 	E:\WORK\Tools\jdk8\jre\bin\server\jvm.dll
0x00007ffcdfad0000 - 0x00007ffcdfad8000 	C:\WINDOWS\System32\PSAPI.DLL
0x00007ffccefb0000 - 0x00007ffccefb9000 	C:\WINDOWS\SYSTEM32\WSOCK32.dll
0x00007ffcd0360000 - 0x00007ffcd0383000 	C:\WINDOWS\SYSTEM32\WINMM.dll
0x00007ffce1b30000 - 0x00007ffce1b9c000 	C:\WINDOWS\System32\WS2_32.dll
0x00007ffcd5930000 - 0x00007ffcd593a000 	C:\WINDOWS\SYSTEM32\VERSION.dll
0x00007ffcd0330000 - 0x00007ffcd035a000 	C:\WINDOWS\SYSTEM32\winmmbase.dll
0x00007ffcdedd0000 - 0x00007ffcdee19000 	C:\WINDOWS\System32\cfgmgr32.dll
0x00007ffcde000000 - 0x00007ffcde011000 	C:\WINDOWS\System32\kernel.appcore.dll
0x00007ffcd71b0000 - 0x00007ffcd71c0000 	E:\WORK\Tools\jdk8\jre\bin\verify.dll
0x00007ffcd7180000 - 0x00007ffcd71ab000 	E:\WORK\Tools\jdk8\jre\bin\java.dll
0x00007ffcd0ea0000 - 0x00007ffcd0ed2000 	E:\WORK\Tools\jdk8\jre\bin\instrument.dll
0x00007ffcd7160000 - 0x00007ffcd7178000 	E:\WORK\Tools\jdk8\jre\bin\zip.dll
0x00007ffcdfae0000 - 0x00007ffce0f25000 	C:\WINDOWS\System32\SHELL32.dll
0x00007ffce1ba0000 - 0x00007ffce1c49000 	C:\WINDOWS\System32\shcore.dll
0x00007ffcde020000 - 0x00007ffcde735000 	C:\WINDOWS\System32\windows.storage.dll
0x00007ffcdfa40000 - 0x00007ffcdfa91000 	C:\WINDOWS\System32\shlwapi.dll
0x00007ffcddfb0000 - 0x00007ffcddfcf000 	C:\WINDOWS\System32\profapi.dll
0x00007ffcddf60000 - 0x00007ffcddfac000 	C:\WINDOWS\System32\powrprof.dll
0x00007ffcddfd0000 - 0x00007ffcddfda000 	C:\WINDOWS\System32\FLTLIB.DLL
0x00007ffcd0dd0000 - 0x00007ffcd0dea000 	E:\WORK\Tools\idea\IntelliJ IDEA 2019.1.2\bin\breakgen64.dll
0x00007ffcd2e50000 - 0x00007ffcd2e6c000 	E:\WORK\Tools\jdk8\jre\bin\net.dll
0x00007ffcdd7e0000 - 0x00007ffcdd846000 	C:\WINDOWS\system32\mswsock.dll
0x00007ffcdc980000 - 0x00007ffcdcb49000 	C:\WINDOWS\SYSTEM32\dbghelp.dll

VM Arguments:
jvm_args: -javaagent:E:\WORK\Tools\idea\IntelliJ IDEA 2019.1.2\lib\idea_rt.jar=45985:E:\WORK\Tools\idea\IntelliJ IDEA 2019.1.2\bin -Dfile.encoding=UTF-8 
java_command: Main
java_class_path (initial): E:\WORK\Tools\jdk8\jre\lib\charsets.jar;E:\WORK\Tools\jdk8\jre\lib\deploy.jar;E:\WORK\Tools\jdk8\jre\lib\ext\access-bridge-64.jar;E:\WORK\Tools\jdk8\jre\lib\ext\cldrdata.jar;E:\WORK\Tools\jdk8\jre\lib\ext\dnsns.jar;E:\WORK\Tools\jdk8\jre\lib\ext\jaccess.jar;E:\WORK\Tools\jdk8\jre\lib\ext\jfxrt.jar;E:\WORK\Tools\jdk8\jre\lib\ext\localedata.jar;E:\WORK\Tools\jdk8\jre\lib\ext\nashorn.jar;E:\WORK\Tools\jdk8\jre\lib\ext\sunec.jar;E:\WORK\Tools\jdk8\jre\lib\ext\sunjce_provider.jar;E:\WORK\Tools\jdk8\jre\lib\ext\sunmscapi.jar;E:\WORK\Tools\jdk8\jre\lib\ext\sunpkcs11.jar;E:\WORK\Tools\jdk8\jre\lib\ext\zipfs.jar;E:\WORK\Tools\jdk8\jre\lib\javaws.jar;E:\WORK\Tools\jdk8\jre\lib\jce.jar;E:\WORK\Tools\jdk8\jre\lib\jfr.jar;E:\WORK\Tools\jdk8\jre\lib\jfxswt.jar;E:\WORK\Tools\jdk8\jre\lib\jsse.jar;E:\WORK\Tools\jdk8\jre\lib\management-agent.jar;E:\WORK\Tools\jdk8\jre\lib\plugin.jar;E:\WORK\Tools\jdk8\jre\lib\resources.jar;E:\WORK\Tools\jdk8\jre\lib\rt.jar;E:\ÐÂ½¨ÎÄ¼þ¼Ð\codeLiteratureNew - ¸±±¾\out\production\codeLiterature;F:\¿ÆÑÐ\TL-JDA\TestJDA\for_redistribution_files_only\TestJDA.jar;E:\WORK\Matlab_2018\toolbox\javabuilder\jar\javabuilder.jar;F:\¿ÆÑÐ\TL-JDA\MainJDA\for_redistribution_files_only\MainJDA.jar;F:\¿ÆÑÐ\TL-NEW\main2\for_redistribution_files_only\main.jar;F:\¿ÆÑÐ\TL-JDA\JDAMMD\for_redistribution_files_only\JDAMMD.jar;F:\¿ÆÑÐ\TL-JDA\CalMMDFif\for_redistribution_files_only\CalMMD.jar;F:\¿ÆÑÐ\TL-JDA\CalMMDHun\for_redistribution_files_only\CalMMDHun.jar;F:\¿ÆÑÐ\TL-NEW\CalW\for_redistribution_files_only\CalW.jar;F:\¹¤×÷\ÏîÄ¿\LYG\jar°ü\poi-3.17.jar;F:\¿ÆÑÐ\MOEA\IBEA\CalFitness\for_redistribution_files_only\CalFitness.jar;F:\¿ÆÑÐ\TL-NEW\TCA\for_redistribution_files_only\TCA.jar;F:\¿ÆÑÐ\MOEA\B\BDAmmd\for_redistribution_files_only\BDAmmd.jar;F:\¿ÆÑÐ\MOEA\Metrics\CalIGD\for_redistribution_files_only\CalIGD.jar;F:\¿ÆÑÐ\MOEA\Metrics\CalHV\for_redistribution_files_only\CalHV.jar;F:\¿ÆÑÐ\IBEA\CalFitness\for_redistribution_files_only\CalFitness.jar;F:\¿ÆÑ
Launcher Type: SUN_STANDARD

Environment Variables:
JAVA_HOME=E:\WORK\Tools\jdk8
CLASSPATH=.;E:\WORK\Tools\jdk8\lib\dt.jar;E:\WORK\Tools\jdk8\lib\tools.jar;E:\WORK\tomcat7-8080-idea\lib\servlet-api.jar;F:\¹¤×÷\¹¤¾ß\Lingo\Lingo18.jar
PATH=E:\WORK\Tools\jdk8\bin;E:\WORK\Tools\jdk8\jre\bin;C:\Program Files (x86)\Common Files\Oracle\Java\javapath;E:\WORK\Secure\;C:\WINDOWS\system32;C:\WINDOWS;C:\WINDOWS\System32\Wbem;C:\WINDOWS\System32\WindowsPowerShell\v1.0\;C:\WINDOWS\System32\OpenSSH\;E:\WORK\tomcat7-8080-idea\bin;E:\WORK\tomcat7-8080-idea\lib;C:\Program Files\Intel\WiFi\bin\;C:\Program Files\Common Files\Intel\WirelessCommon\;E:\WORK\Tools\scala-2.13.0\scala-2.13.0\bin;C:\Program Files\MySQL\MySQL Server 5.7\bin;E:\WORK\Tools\GIT\Git\cmd;E:\WORK\Matlab_2018\runtime\win64;E:\WORK\Matlab_2018\bin;F:\¹¤×÷\¹¤¾ß\Lingo\;F:\MinGW\mingw32\bin;C:\Users\LESLIE-C7.LESLIE-C7\AppData\Local\Microsoft\WindowsApps;C:\Program Files\Intel\WiFi\bin\;C:\Program Files\Common Files\Intel\WirelessCommon\;C:\Users\LESLIE-C7.LESLIE-C7\AppData\Local\Microsoft\WindowsApps;E:\WORK\VScode\Microsoft VS Code\bin;E:\WORK\Tools\idea\IntelliJ IDEA 2019.1.2\bin;
USERNAME=LESLIE-C7
OS=Windows_NT
PROCESSOR_IDENTIFIER=Intel64 Family 6 Model 142 Stepping 10, GenuineIntel



---------------  S Y S T E M  ---------------

OS: Windows 10.0 , 64 bit Build 17134 (10.0.17134.1425)

CPU:total 8 (initial active 8) (4 cores per cpu, 2 threads per core) family 6 model 142 stepping 10, cmov, cx8, fxsr, mmx, sse, sse2, sse3, ssse3, sse4.1, sse4.2, popcnt, avx, avx2, aes, clmul, erms, 3dnowpref, lzcnt, ht, tsc, tscinvbit, bmi1, bmi2, adx

Memory: 4k page, physical 8259240k(712164k free), swap 33425064k(4012k free)

vm_info: Java HotSpot(TM) 64-Bit Server VM (25.261-b12) for windows-amd64 JRE (1.8.0_261-b12), built on Jun 18 2020 06:56:32 by "" with unknown MS VC++:1916

time: Fri Jul  2 23:00:12 2021
timezone: ?D1¨²¡À¨º¡Á?¨º¡À??
elapsed time: 77 seconds (0d 0h 1m 17s)

