#
# There is insufficient memory for the Java Runtime Environment to continue.
# Native memory allocation (malloc) failed to allocate 32744 bytes for ChunkPool::allocate
# Possible reasons:
#   The system is out of physical RAM or swap space
#   The process is running with CompressedOops enabled, and the Java Heap may be blocking the growth of the native heap
# Possible solutions:
#   Reduce memory load on the system
#   Increase physical memory or swap space
#   Check if swap backing store is full
#   Decrease Java heap size (-Xmx/-Xms)
#   Decrease number of Java threads
#   Decrease Java thread stack sizes (-Xss)
#   Set larger code cache with -XX:ReservedCodeCacheSize=
#   JVM is running with Unscaled Compressed Oops mode in which the Java heap is
#     placed in the first 4GB address space. The Java Heap base address is the
#     maximum limit for the native heap growth. Please use -XX:HeapBaseMinAddress
#     to set the Java Heap base and to place the Java Heap above 4GB virtual address.
# This output file may be truncated or incomplete.
#
#  Out of Memory Error (allocation.cpp:272), pid=7676, tid=0x0000000000001574
#
# JRE version: Java(TM) SE Runtime Environment (8.0_261-b12) (build 1.8.0_261-b12)
# Java VM: Java HotSpot(TM) 64-Bit Server VM (25.261-b12 mixed mode windows-amd64 compressed oops)
# Failed to write core dump. Minidumps are not enabled by default on client versions of Windows
#

---------------  T H R E A D  ---------------

Current thread (0x000002a717d6f800):  JavaThread "C2 CompilerThread2" daemon [_thread_in_native, id=5492, stack(0x000000c5aaf00000,0x000000c5ab000000)]

Stack: [0x000000c5aaf00000,0x000000c5ab000000]
Native frames: (J=compiled Java code, j=interpreted, Vv=VM code, C=native code)
V  [jvm.dll+0x33e5f9]
V  [jvm.dll+0x2850e2]
V  [jvm.dll+0x285d8d]
V  [jvm.dll+0x27c895]
V  [jvm.dll+0xe520d]
V  [jvm.dll+0xe556c]
V  [jvm.dll+0x4f20de]
V  [jvm.dll+0x4469be]
V  [jvm.dll+0x44f8f5]
V  [jvm.dll+0x44ecb5]
V  [jvm.dll+0x439bc7]
V  [jvm.dll+0xbbbcb]
V  [jvm.dll+0xba22b]
V  [jvm.dll+0x24d962]
V  [jvm.dll+0x2a1cfc]
C  [ucrtbase.dll+0x1e3fe]
C  [KERNEL32.DLL+0x14034]
C  [ntdll.dll+0x73691]


Current CompileTask:
C2: 472186 2069 %     4       MainIBEA2::main @ 3457 (4090 bytes)


---------------  P R O C E S S  ---------------

Java Threads: ( => current thread )
  0x000002a772f68800 JavaThread "EventMgr Dispatcher" daemon [_thread_in_native, id=4256, stack(0x000000c5ac400000,0x000000c5ac500000)]
  0x000002a72d772800 JavaThread "Settings Releaser" daemon [_thread_blocked, id=6060, stack(0x000000c5ac500000,0x000000c5ac600000)]
  0x000002a72a12c000 JavaThread "MATLAB Compiler Runtime" daemon [_thread_in_native, id=21660, stack(0x000000c5aba00000,0x000000c5ac200000)]
  0x000002a71a5e1000 JavaThread "AWT-Windows" daemon [_thread_in_native, id=3156, stack(0x000000c5ab500000,0x000000c5ab600000)]
  0x000002a718d77800 JavaThread "Java2D Disposer" daemon [_thread_blocked, id=2692, stack(0x000000c5ab300000,0x000000c5ab400000)]
  0x000002a717e11800 JavaThread "Service Thread" daemon [_thread_blocked, id=11688, stack(0x000000c5ab100000,0x000000c5ab200000)]
  0x000002a717d79000 JavaThread "C1 CompilerThread3" daemon [_thread_blocked, id=9412, stack(0x000000c5ab000000,0x000000c5ab100000)]
=>0x000002a717d6f800 JavaThread "C2 CompilerThread2" daemon [_thread_in_native, id=5492, stack(0x000000c5aaf00000,0x000000c5ab000000)]
  0x000002a717d66800 JavaThread "C2 CompilerThread1" daemon [_thread_blocked, id=19960, stack(0x000000c5aae00000,0x000000c5aaf00000)]
  0x000002a717d65800 JavaThread "C2 CompilerThread0" daemon [_thread_blocked, id=21360, stack(0x000000c5aad00000,0x000000c5aae00000)]
  0x000002a717cba000 JavaThread "Monitor Ctrl-Break" daemon [_thread_in_native, id=14072, stack(0x000000c5aac00000,0x000000c5aad00000)]
  0x000002a715ead800 JavaThread "Attach Listener" daemon [_thread_blocked, id=17192, stack(0x000000c5aab00000,0x000000c5aac00000)]
  0x000002a715f02000 JavaThread "Signal Dispatcher" daemon [_thread_blocked, id=14740, stack(0x000000c5aaa00000,0x000000c5aab00000)]
  0x000002a715e7e800 JavaThread "Finalizer" daemon [_thread_blocked, id=19100, stack(0x000000c5aa900000,0x000000c5aaa00000)]
  0x000002a715e75800 JavaThread "Reference Handler" daemon [_thread_blocked, id=20612, stack(0x000000c5aa800000,0x000000c5aa900000)]
  0x000002a77fbb4000 JavaThread "main" [_thread_in_native, id=22316, stack(0x000000c5a9e00000,0x000000c5a9f00000)]

Other Threads:
  0x000002a715e4d800 VMThread [stack: 0x000000c5aa700000,0x000000c5aa800000] [id=14428]
  0x000002a717ea7800 WatcherThread [stack: 0x000000c5ab200000,0x000000c5ab300000] [id=17000]

VM state:not at safepoint (normal execution)

VM Mutex/Monitor currently owned by a thread: None

heap address: 0x0000000081e00000, size: 2018 MB, Compressed Oops mode: 32-bit
Narrow klass base: 0x0000000000000000, Narrow klass shift: 3
Compressed class space size: 1073741824 Address: 0x0000000100000000

Heap:
 PSYoungGen      total 452608K, used 325701K [0x00000000d5f80000, 0x00000000fed80000, 0x0000000100000000)
  eden space 262144K, 85% used [0x00000000d5f80000,0x00000000e3a364c8,0x00000000e5f80000)
  from space 190464K, 53% used [0x00000000e5f80000,0x00000000ec2db188,0x00000000f1980000)
  to   space 193024K, 0% used [0x00000000f3100000,0x00000000f3100000,0x00000000fed80000)
 ParOldGen       total 890880K, used 587791K [0x0000000081e00000, 0x00000000b8400000, 0x00000000d5f80000)
  object space 890880K, 65% used [0x0000000081e00000,0x00000000a5c03d28,0x00000000b8400000)
 Metaspace       used 13695K, capacity 14042K, committed 14208K, reserved 1062912K
  class space    used 1505K, capacity 1618K, committed 1664K, reserved 1048576K

Card table byte_map: [0x000002a710b60000,0x000002a710f60000] byte_map_base: 0x000002a710751000

Marking Bits: (ParMarkBitMap*) 0x000000006dbf4fb0
 Begin Bits: [0x000002a711210000, 0x000002a713198000)
 End Bits:   [0x000002a713198000, 0x000002a715120000)

Polling page: 0x000002a77fb60000

CodeCache: size=245760Kb used=11265Kb max_used=15564Kb free=234494Kb
 bounds [0x000002a7017a0000, 0x000002a7027c0000, 0x000002a7107a0000]
 total_blobs=2148 nmethods=1635 adapters=426
 compilation: enabled

Compilation events (10 events):
Event: 456.560 Thread 0x000002a717d79000 nmethod 2063 0x000002a701d7cd90 code [0x000002a701d7cf00, 0x000002a701d7d1a0]
Event: 457.630 Thread 0x000002a717d79000 2064   !   3       java.io.BufferedWriter::flushBuffer (53 bytes)
Event: 457.630 Thread 0x000002a717d79000 nmethod 2064 0x000002a701d3a150 code [0x000002a701d3a300, 0x000002a701d3a8e0]
Event: 459.062 Thread 0x000002a717d79000 2065       3       java.security.AccessController::getContext (23 bytes)
Event: 459.062 Thread 0x000002a717d79000 nmethod 2065 0x000002a70229f210 code [0x000002a70229f3a0, 0x000002a70229f720]
Event: 467.135 Thread 0x000002a717d79000 2067   !   3       sun.net.www.protocol.jar.JarFileFactory::getCachedJarFile (145 bytes)
Event: 467.135 Thread 0x000002a717d79000 nmethod 2067 0x000002a70229b810 code [0x000002a70229bac0, 0x000002a70229d100]
Event: 468.852 Thread 0x000002a717d79000 2068       3       Problem::non_dominate_solution (121 bytes)
Event: 468.853 Thread 0x000002a717d79000 nmethod 2068 0x000002a702299350 code [0x000002a702299640, 0x000002a70229ac50]
Event: 468.894 Thread 0x000002a717d6f800 2069 %     4       MainIBEA2::main @ 3457 (4090 bytes)

GC Heap History (10 events):
Event: 462.972 GC heap before
{Heap before GC invocations=260 (full 9):
 PSYoungGen      total 459264K, used 248288K [0x00000000d5f80000, 0x0000000100000000, 0x0000000100000000)
  eden space 229888K, 100% used [0x00000000d5f80000,0x00000000e4000000,0x00000000e4000000)
  from space 229376K, 8% used [0x00000000f2000000,0x00000000f31f8000,0x0000000100000000)
  to   space 229376K, 0% used [0x00000000e4000000,0x00000000e4000000,0x00000000f2000000)
 ParOldGen       total 890880K, used 569502K [0x0000000081e00000, 0x00000000b8400000, 0x00000000d5f80000)
  object space 890880K, 63% used [0x0000000081e00000,0x00000000a4a27900,0x00000000b8400000)
 Metaspace       used 13693K, capacity 14042K, committed 14208K, reserved 1062912K
  class space    used 1505K, capacity 1618K, committed 1664K, reserved 1048576K
Event: 462.990 GC heap after
Heap after GC invocations=260 (full 9):
 PSYoungGen      total 248320K, used 18204K [0x00000000d5f80000, 0x00000000ff300000, 0x0000000100000000)
  eden space 229888K, 0% used [0x00000000d5f80000,0x00000000d5f80000,0x00000000e4000000)
  from space 18432K, 98% used [0x00000000e4000000,0x00000000e51c7178,0x00000000e5200000)
  to   space 222720K, 0% used [0x00000000f1980000,0x00000000f1980000,0x00000000ff300000)
 ParOldGen       total 890880K, used 587791K [0x0000000081e00000, 0x00000000b8400000, 0x00000000d5f80000)
  object space 890880K, 65% used [0x0000000081e00000,0x00000000a5c03d28,0x00000000b8400000)
 Metaspace       used 13693K, capacity 14042K, committed 14208K, reserved 1062912K
  class space    used 1505K, capacity 1618K, committed 1664K, reserved 1048576K
}
Event: 464.572 GC heap before
{Heap before GC invocations=261 (full 9):
 PSYoungGen      total 248320K, used 248092K [0x00000000d5f80000, 0x00000000ff300000, 0x0000000100000000)
  eden space 229888K, 100% used [0x00000000d5f80000,0x00000000e4000000,0x00000000e4000000)
  from space 18432K, 98% used [0x00000000e4000000,0x00000000e51c7178,0x00000000e5200000)
  to   space 222720K, 0% used [0x00000000f1980000,0x00000000f1980000,0x00000000ff300000)
 ParOldGen       total 890880K, used 587791K [0x0000000081e00000, 0x00000000b8400000, 0x00000000d5f80000)
  object space 890880K, 65% used [0x0000000081e00000,0x00000000a5c03d28,0x00000000b8400000)
 Metaspace       used 13693K, capacity 14042K, committed 14208K, reserved 1062912K
  class space    used 1505K, capacity 1618K, committed 1664K, reserved 1048576K
Event: 464.588 GC heap after
Heap after GC invocations=261 (full 9):
 PSYoungGen      total 454656K, used 38668K [0x00000000d5f80000, 0x00000000fe880000, 0x0000000100000000)
  eden space 242688K, 0% used [0x00000000d5f80000,0x00000000d5f80000,0x00000000e4c80000)
  from space 211968K, 18% used [0x00000000f1980000,0x00000000f3f43188,0x00000000fe880000)
  to   space 209920K, 0% used [0x00000000e4c80000,0x00000000e4c80000,0x00000000f1980000)
 ParOldGen       total 890880K, used 587791K [0x0000000081e00000, 0x00000000b8400000, 0x00000000d5f80000)
  object space 890880K, 65% used [0x0000000081e00000,0x00000000a5c03d28,0x00000000b8400000)
 Metaspace       used 13693K, capacity 14042K, committed 14208K, reserved 1062912K
  class space    used 1505K, capacity 1618K, committed 1664K, reserved 1048576K
}
Event: 466.272 GC heap before
{Heap before GC invocations=262 (full 9):
 PSYoungGen      total 454656K, used 281356K [0x00000000d5f80000, 0x00000000fe880000, 0x0000000100000000)
  eden space 242688K, 100% used [0x00000000d5f80000,0x00000000e4c80000,0x00000000e4c80000)
  from space 211968K, 18% used [0x00000000f1980000,0x00000000f3f43188,0x00000000fe880000)
  to   space 209920K, 0% used [0x00000000e4c80000,0x00000000e4c80000,0x00000000f1980000)
 ParOldGen       total 890880K, used 587791K [0x0000000081e00000, 0x00000000b8400000, 0x00000000d5f80000)
  object space 890880K, 65% used [0x0000000081e00000,0x00000000a5c03d28,0x00000000b8400000)
 Metaspace       used 13693K, capacity 14042K, committed 14208K, reserved 1062912K
  class space    used 1505K, capacity 1618K, committed 1664K, reserved 1048576K
Event: 466.294 GC heap after
Heap after GC invocations=262 (full 9):
 PSYoungGen      total 452608K, used 59720K [0x00000000d5f80000, 0x00000000fd980000, 0x0000000100000000)
  eden space 242688K, 0% used [0x00000000d5f80000,0x00000000d5f80000,0x00000000e4c80000)
  from space 209920K, 28% used [0x00000000e4c80000,0x00000000e86d2300,0x00000000f1980000)
  to   space 195584K, 0% used [0x00000000f1a80000,0x00000000f1a80000,0x00000000fd980000)
 ParOldGen       total 890880K, used 587791K [0x0000000081e00000, 0x00000000b8400000, 0x00000000d5f80000)
  object space 890880K, 65% used [0x0000000081e00000,0x00000000a5c03d28,0x00000000b8400000)
 Metaspace       used 13693K, capacity 14042K, committed 14208K, reserved 1062912K
  class space    used 1505K, capacity 1618K, committed 1664K, reserved 1048576K
}
Event: 467.066 GC heap before
{Heap before GC invocations=263 (full 9):
 PSYoungGen      total 452608K, used 302408K [0x00000000d5f80000, 0x00000000fd980000, 0x0000000100000000)
  eden space 242688K, 100% used [0x00000000d5f80000,0x00000000e4c80000,0x00000000e4c80000)
  from space 209920K, 28% used [0x00000000e4c80000,0x00000000e86d2300,0x00000000f1980000)
  to   space 195584K, 0% used [0x00000000f1a80000,0x00000000f1a80000,0x00000000fd980000)
 ParOldGen       total 890880K, used 587791K [0x0000000081e00000, 0x00000000b8400000, 0x00000000d5f80000)
  object space 890880K, 65% used [0x0000000081e00000,0x00000000a5c03d28,0x00000000b8400000)
 Metaspace       used 13693K, capacity 14042K, committed 14208K, reserved 1062912K
  class space    used 1505K, capacity 1618K, committed 1664K, reserved 1048576K
Event: 467.093 GC heap after
Heap after GC invocations=263 (full 9):
 PSYoungGen      total 451584K, used 80860K [0x00000000d5f80000, 0x00000000fd380000, 0x0000000100000000)
  eden space 262144K, 0% used [0x00000000d5f80000,0x00000000d5f80000,0x00000000e5f80000)
  from space 189440K, 42% used [0x00000000f1a80000,0x00000000f6977178,0x00000000fd380000)
  to   space 190464K, 0% used [0x00000000e5f80000,0x00000000e5f80000,0x00000000f1980000)
 ParOldGen       total 890880K, used 587791K [0x0000000081e00000, 0x00000000b8400000, 0x00000000d5f80000)
  object space 890880K, 65% used [0x0000000081e00000,0x00000000a5c03d28,0x00000000b8400000)
 Metaspace       used 13693K, capacity 14042K, committed 14208K, reserved 1062912K
  class space    used 1505K, capacity 1618K, committed 1664K, reserved 1048576K
}
Event: 468.855 GC heap before
{Heap before GC invocations=264 (full 9):
 PSYoungGen      total 451584K, used 343004K [0x00000000d5f80000, 0x00000000fd380000, 0x0000000100000000)
  eden space 262144K, 100% used [0x00000000d5f80000,0x00000000e5f80000,0x00000000e5f80000)
  from space 189440K, 42% used [0x00000000f1a80000,0x00000000f6977178,0x00000000fd380000)
  to   space 190464K, 0% used [0x00000000e5f80000,0x00000000e5f80000,0x00000000f1980000)
 ParOldGen       total 890880K, used 587791K [0x0000000081e00000, 0x00000000b8400000, 0x00000000d5f80000)
  object space 890880K, 65% used [0x0000000081e00000,0x00000000a5c03d28,0x00000000b8400000)
 Metaspace       used 13695K, capacity 14042K, committed 14208K, reserved 1062912K
  class space    used 1505K, capacity 1618K, committed 1664K, reserved 1048576K
Event: 468.887 GC heap after
Heap after GC invocations=264 (full 9):
 PSYoungGen      total 452608K, used 101740K [0x00000000d5f80000, 0x00000000fed80000, 0x0000000100000000)
  eden space 262144K, 0% used [0x00000000d5f80000,0x00000000d5f80000,0x00000000e5f80000)
  from space 190464K, 53% used [0x00000000e5f80000,0x00000000ec2db188,0x00000000f1980000)
  to   space 193024K, 0% used [0x00000000f3100000,0x00000000f3100000,0x00000000fed80000)
 ParOldGen       total 890880K, used 587791K [0x0000000081e00000, 0x00000000b8400000, 0x00000000d5f80000)
  object space 890880K, 65% used [0x0000000081e00000,0x00000000a5c03d28,0x00000000b8400000)
 Metaspace       used 13695K, capacity 14042K, committed 14208K, reserved 1062912K
  class space    used 1505K, capacity 1618K, committed 1664K, reserved 1048576K
}

Deoptimization events (10 events):
Event: 25.168 Thread 0x000002a77fbb4000 Uncommon trap: reason=intrinsic action=make_not_entrant pc=0x000002a702608f38 method=Algorithm.variation(LIndividual;LIndividual;DLTAOG;)Ljava/util/List; @ 432
Event: 28.777 Thread 0x000002a77fbb4000 Uncommon trap: reason=intrinsic action=make_not_entrant pc=0x000002a702682218 method=Algorithm.variation(LIndividual;LIndividual;DLTAOG;)Ljava/util/List; @ 1668
Event: 31.312 Thread 0x000002a77fbb4000 Uncommon trap: reason=intrinsic action=make_not_entrant pc=0x000002a7026f6574 method=Algorithm.variation(LIndividual;LIndividual;DLTAOG;)Ljava/util/List; @ 5806
Event: 34.936 Thread 0x000002a77fbb4000 Uncommon trap: reason=unstable_if action=reinterpret pc=0x000002a7018c28fc method=java.util.Random.nextInt(I)I @ 58
Event: 55.274 Thread 0x000002a77fbb4000 Uncommon trap: reason=unstable_if action=reinterpret pc=0x000002a702016e38 method=java.util.Random.nextInt(I)I @ 58
Event: 90.251 Thread 0x000002a77fbb4000 Uncommon trap: reason=unstable_if action=reinterpret pc=0x000002a70220e814 method=IBEA.fast_non_dominated_sort(Ljava/util/List;)V @ 50
Event: 109.316 Thread 0x000002a77fbb4000 Uncommon trap: reason=intrinsic action=make_not_entrant pc=0x000002a70275e7d0 method=Algorithm.variation(LIndividual;LIndividual;DLTAOG;)Ljava/util/List; @ 5595
Event: 373.325 Thread 0x000002a77fbb4000 Uncommon trap: reason=unstable_if action=reinterpret pc=0x000002a701a74ecc method=Individual.get_type_able(ILjava/util/List;)V @ 54
Event: 389.337 Thread 0x000002a77fbb4000 Uncommon trap: reason=unstable_if action=reinterpret pc=0x000002a701aa9e38 method=java.util.Random.nextInt(I)I @ 58
Event: 438.314 Thread 0x000002a77fbb4000 Uncommon trap: reason=intrinsic action=make_not_entrant pc=0x000002a7024ead70 method=Algorithm.variation(LIndividual;LIndividual;DLTAOG;)Ljava/util/List; @ 5544

Classes redefined (0 events):
No events

Internal exceptions (10 events):
Event: 470.337 Thread 0x000002a72a12c000 Exception <a 'java/lang/NoClassDefFoundError': handle (wrong name: Handle)> (0x00000000df370308) thrown at [C:\jenkins\workspace\8-2-build-windows-amd64-cygwin\jdk8u261\295\hotspot\src\share\vm\classfile\classFileParser.cpp, line 3925]
Event: 470.337 Thread 0x000002a72a12c000 Exception <a 'java/lang/NoClassDefFoundError'> (0x00000000df370308) thrown at [C:\jenkins\workspace\8-2-build-windows-amd64-cygwin\jdk8u261\295\hotspot\src\share\vm\prims\jvm.cpp, line 1516]
Event: 470.337 Thread 0x000002a72a12c000 Exception <a 'java/lang/NoClassDefFoundError': handle (wrong name: Handle)> (0x00000000df3790c0) thrown at [C:\jenkins\workspace\8-2-build-windows-amd64-cygwin\jdk8u261\295\hotspot\src\share\vm\classfile\classFileParser.cpp, line 3925]
Event: 470.337 Thread 0x000002a72a12c000 Exception <a 'java/lang/NoClassDefFoundError'> (0x00000000df3790c0) thrown at [C:\jenkins\workspace\8-2-build-windows-amd64-cygwin\jdk8u261\295\hotspot\src\share\vm\prims\jvm.cpp, line 1516]
Event: 471.407 Thread 0x000002a72a12c000 Exception <a 'java/lang/NoClassDefFoundError': handle (wrong name: Handle)> (0x00000000e22813e0) thrown at [C:\jenkins\workspace\8-2-build-windows-amd64-cygwin\jdk8u261\295\hotspot\src\share\vm\classfile\classFileParser.cpp, line 3925]
Event: 471.407 Thread 0x000002a72a12c000 Exception <a 'java/lang/NoClassDefFoundError'> (0x00000000e22813e0) thrown at [C:\jenkins\workspace\8-2-build-windows-amd64-cygwin\jdk8u261\295\hotspot\src\share\vm\prims\jvm.cpp, line 1516]
Event: 471.408 Thread 0x000002a72a12c000 Exception <a 'java/lang/NoClassDefFoundError': handle (wrong name: Handle)> (0x00000000e228a180) thrown at [C:\jenkins\workspace\8-2-build-windows-amd64-cygwin\jdk8u261\295\hotspot\src\share\vm\classfile\classFileParser.cpp, line 3925]
Event: 471.408 Thread 0x000002a72a12c000 Exception <a 'java/lang/NoClassDefFoundError'> (0x00000000e228a180) thrown at [C:\jenkins\workspace\8-2-build-windows-amd64-cygwin\jdk8u261\295\hotspot\src\share\vm\prims\jvm.cpp, line 1516]
Event: 471.408 Thread 0x000002a72a12c000 Exception <a 'java/lang/NoClassDefFoundError': handle (wrong name: Handle)> (0x00000000e2292f38) thrown at [C:\jenkins\workspace\8-2-build-windows-amd64-cygwin\jdk8u261\295\hotspot\src\share\vm\classfile\classFileParser.cpp, line 3925]
Event: 471.408 Thread 0x000002a72a12c000 Exception <a 'java/lang/NoClassDefFoundError'> (0x00000000e2292f38) thrown at [C:\jenkins\workspace\8-2-build-windows-amd64-cygwin\jdk8u261\295\hotspot\src\share\vm\prims\jvm.cpp, line 1516]

Events (10 events):
Event: 471.475 loading class startup/p
Event: 471.475 loading class startup/p done
Event: 471.476 loading class startup/p
Event: 471.476 loading class startup/p done
Event: 471.479 loading class setmcruserdata
Event: 471.479 loading class setmcruserdata done
Event: 471.480 loading class setmcruserdata
Event: 471.480 loading class setmcruserdata done
Event: 471.480 loading class setmcruserdata
Event: 471.480 loading class setmcruserdata done


Dynamic libraries:
0x00007ff7f9650000 - 0x00007ff7f9697000 	E:\WORK\Tools\jdk8\bin\java.exe
0x00007ffd78a10000 - 0x00007ffd78bf1000 	C:\WINDOWS\SYSTEM32\ntdll.dll
0x00007ffd78600000 - 0x00007ffd786b1000 	C:\WINDOWS\System32\KERNEL32.DLL
0x00007ffd75940000 - 0x00007ffd75bb3000 	C:\WINDOWS\System32\KERNELBASE.dll
0x00007ffd786c0000 - 0x00007ffd78761000 	C:\WINDOWS\System32\ADVAPI32.dll
0x00007ffd75e80000 - 0x00007ffd75f1e000 	C:\WINDOWS\System32\msvcrt.dll
0x00007ffd77fc0000 - 0x00007ffd7801b000 	C:\WINDOWS\System32\sechost.dll
0x00007ffd784a0000 - 0x00007ffd785c4000 	C:\WINDOWS\System32\RPCRT4.dll
0x00007ffd78840000 - 0x00007ffd789d1000 	C:\WINDOWS\System32\USER32.dll
0x00007ffd75c60000 - 0x00007ffd75c80000 	C:\WINDOWS\System32\win32u.dll
0x00007ffd785d0000 - 0x00007ffd785f8000 	C:\WINDOWS\System32\GDI32.dll
0x00007ffd757a0000 - 0x00007ffd75933000 	C:\WINDOWS\System32\gdi32full.dll
0x00007ffd75bc0000 - 0x00007ffd75c5f000 	C:\WINDOWS\System32\msvcp_win.dll
0x00007ffd75cd0000 - 0x00007ffd75dc8000 	C:\WINDOWS\System32\ucrtbase.dll
0x00007ffd529a0000 - 0x00007ffd52c09000 	C:\WINDOWS\WinSxS\amd64_microsoft.windows.common-controls_6595b64144ccf1df_6.0.17134.1845_none_d3ffcfc77c905a82\COMCTL32.dll
0x00007ffd763e0000 - 0x00007ffd76701000 	C:\WINDOWS\System32\combase.dll
0x00007ffd74db0000 - 0x00007ffd74e29000 	C:\WINDOWS\System32\bcryptPrimitives.dll
0x00007ffd77d70000 - 0x00007ffd77d9d000 	C:\WINDOWS\System32\IMM32.DLL
0x00007ffd68670000 - 0x00007ffd68685000 	E:\WORK\Tools\jdk8\jre\bin\vcruntime140.dll
0x00007ffd5cce0000 - 0x00007ffd5cd7b000 	E:\WORK\Tools\jdk8\jre\bin\msvcp140.dll
0x000000006d400000 - 0x000000006dc6c000 	E:\WORK\Tools\jdk8\jre\bin\server\jvm.dll
0x00007ffd78020000 - 0x00007ffd78028000 	C:\WINDOWS\System32\PSAPI.DLL
0x00007ffd5b7f0000 - 0x00007ffd5b7f9000 	C:\WINDOWS\SYSTEM32\WSOCK32.dll
0x00007ffd68330000 - 0x00007ffd6833a000 	C:\WINDOWS\SYSTEM32\VERSION.dll
0x00007ffd6e060000 - 0x00007ffd6e083000 	C:\WINDOWS\SYSTEM32\WINMM.dll
0x00007ffd760e0000 - 0x00007ffd7614c000 	C:\WINDOWS\System32\WS2_32.dll
0x00007ffd6e030000 - 0x00007ffd6e05a000 	C:\WINDOWS\SYSTEM32\winmmbase.dll
0x00007ffd75c80000 - 0x00007ffd75cc9000 	C:\WINDOWS\System32\cfgmgr32.dll
0x00007ffd74d90000 - 0x00007ffd74da1000 	C:\WINDOWS\System32\kernel.appcore.dll
0x00007ffd6a990000 - 0x00007ffd6a9a0000 	E:\WORK\Tools\jdk8\jre\bin\verify.dll
0x00007ffd68620000 - 0x00007ffd6864b000 	E:\WORK\Tools\jdk8\jre\bin\java.dll
0x00007ffd65f30000 - 0x00007ffd65f62000 	E:\WORK\Tools\jdk8\jre\bin\instrument.dll
0x00007ffd68600000 - 0x00007ffd68618000 	E:\WORK\Tools\jdk8\jre\bin\zip.dll
0x00007ffd76920000 - 0x00007ffd77d65000 	C:\WINDOWS\System32\SHELL32.dll
0x00007ffd76870000 - 0x00007ffd76919000 	C:\WINDOWS\System32\shcore.dll
0x00007ffd74e30000 - 0x00007ffd75545000 	C:\WINDOWS\System32\windows.storage.dll
0x00007ffd75f30000 - 0x00007ffd75f81000 	C:\WINDOWS\System32\shlwapi.dll
0x00007ffd74d50000 - 0x00007ffd74d6f000 	C:\WINDOWS\System32\profapi.dll
0x00007ffd74d00000 - 0x00007ffd74d4c000 	C:\WINDOWS\System32\powrprof.dll
0x00007ffd74cf0000 - 0x00007ffd74cfa000 	C:\WINDOWS\System32\FLTLIB.DLL
0x00007ffd685e0000 - 0x00007ffd685fa000 	E:\WORK\Tools\idea\IntelliJ IDEA 2019.1.2\bin\breakgen64.dll
0x00007ffd68570000 - 0x00007ffd6858c000 	E:\WORK\Tools\jdk8\jre\bin\net.dll
0x00007ffd74570000 - 0x00007ffd745d6000 	C:\WINDOWS\system32\mswsock.dll
0x0000000180000000 - 0x0000000180066000 	E:\WORK\Matlab_2018\bin\win64\BuilderJABootstrap.dll
0x000002a71a810000 - 0x000002a71a81f000 	E:\WORK\Matlab_2018\bin\win64\nativedl.dll
0x0000000000a90000 - 0x0000000000ce5000 	E:\WORK\Matlab_2018\bin\win64\libmwfl.dll
0x00007ffd73710000 - 0x00007ffd738d9000 	C:\WINDOWS\SYSTEM32\dbghelp.dll
0x00007ffd66f10000 - 0x00007ffd66f25000 	E:\WORK\Matlab_2018\bin\win64\mwboost_date_time-vc140-mt-1_56.dll
0x00007ffd66e20000 - 0x00007ffd66e48000 	E:\WORK\Matlab_2018\bin\win64\mwboost_filesystem-vc140-mt-1_56.dll
0x00007ffd5cc30000 - 0x00007ffd5ccd9000 	E:\WORK\Matlab_2018\bin\win64\mwboost_log-vc140-mt-1_56.dll
0x00007ffd5afa0000 - 0x00007ffd5b0b6000 	E:\WORK\Matlab_2018\bin\win64\mwboost_regex-vc140-mt-1_56.dll
0x00007ffd64d30000 - 0x00007ffd64d79000 	E:\WORK\Matlab_2018\bin\win64\mwboost_serialization-vc140-mt-1_56.dll
0x00007ffd68660000 - 0x00007ffd6866c000 	E:\WORK\Matlab_2018\bin\win64\mwboost_system-vc140-mt-1_56.dll
0x00007ffd667d0000 - 0x00007ffd667f4000 	E:\WORK\Matlab_2018\bin\win64\mwboost_thread-vc140-mt-1_56.dll
0x00007ffd65f10000 - 0x00007ffd65f27000 	E:\WORK\Matlab_2018\bin\win64\libmwcpp11compat.dll
0x00007ffd685d0000 - 0x00007ffd685de000 	E:\WORK\Matlab_2018\bin\win64\mwboost_chrono-vc140-mt-1_56.dll
0x0000000000cf0000 - 0x0000000000ea8000 	E:\WORK\Matlab_2018\bin\win64\libmwi18n.dll
0x0000000000eb0000 - 0x0000000000ebb000 	E:\WORK\Matlab_2018\bin\win64\libmwresource_core.dll
0x00007ffd64d00000 - 0x00007ffd64d29000 	E:\WORK\Matlab_2018\bin\win64\LIBEXPAT.dll
0x000000006d1f0000 - 0x000000006d3f2000 	E:\WORK\Matlab_2018\bin\win64\icuin59.dll
0x000000006d070000 - 0x000000006d1e5000 	E:\WORK\Matlab_2018\bin\win64\icuuc59.dll
0x000002a71b950000 - 0x000002a71d263000 	E:\WORK\Matlab_2018\bin\win64\icudt59.dll
0x000002a71d270000 - 0x000002a71d796000 	E:\WORK\Matlab_2018\bin\win64\nativemcl.dll
0x0000000000ec0000 - 0x0000000000fad000 	E:\WORK\Matlab_2018\bin\win64\libut.dll
0x00007ffd76710000 - 0x00007ffd76862000 	C:\WINDOWS\System32\ole32.dll
0x0000000000fb0000 - 0x00000000016db000 	E:\WORK\Matlab_2018\bin\win64\mlutil.dll
0x00007ffd78770000 - 0x00007ffd78832000 	C:\WINDOWS\System32\OLEAUT32.dll
0x000002a71d7a0000 - 0x000002a71d91e000 	E:\WORK\Matlab_2018\bin\win64\libmx.dll
0x00000000016e0000 - 0x0000000001ab2000 	E:\WORK\Matlab_2018\bin\win64\libmwservices.dll
0x000002a71a8d0000 - 0x000002a71a94c000 	E:\WORK\Matlab_2018\bin\win64\mclbase.dll
0x000002a71d920000 - 0x000002a71de48000 	E:\WORK\Matlab_2018\bin\win64\mclmcr.dll
0x0000000001ac0000 - 0x0000000001c87000 	E:\WORK\Matlab_2018\bin\win64\jmi.dll
0x000002a71a950000 - 0x000002a71a975000 	E:\WORK\Matlab_2018\bin\win64\jproxy.dll
0x000002a71de50000 - 0x000002a71dea0000 	E:\WORK\Matlab_2018\bin\win64\dservices.dll
0x000000006f680000 - 0x000000006f692000 	E:\WORK\Matlab_2018\bin\win64\icuio59.dll
0x00007ffd64080000 - 0x00007ffd640c4000 	E:\WORK\Matlab_2018\bin\win64\tbb.dll
0x00007ffd624e0000 - 0x00007ffd62524000 	E:\WORK\Matlab_2018\bin\win64\tbbmalloc.dll
0x000000006f660000 - 0x000000006f67b000 	E:\WORK\Matlab_2018\bin\win64\zlib1.dll
0x00007ffd63e20000 - 0x00007ffd63e3c000 	E:\WORK\Matlab_2018\bin\win64\mwboost_iostreams-vc140-mt-1_56.dll
0x00007ffd508d0000 - 0x00007ffd50a70000 	E:\WORK\Matlab_2018\bin\win64\LIBEAY32.dll
0x00007ffd74850000 - 0x00007ffd74875000 	C:\WINDOWS\SYSTEM32\bcrypt.dll
0x000002a71dec0000 - 0x000002a71df01000 	E:\WORK\Matlab_2018\bin\win64\libmwfoundation_usm.dll
0x0000000001c90000 - 0x0000000001e59000 	E:\WORK\Matlab_2018\bin\win64\mcr.dll
0x0000000001e60000 - 0x0000000002246000 	E:\WORK\Matlab_2018\bin\win64\mvm.dll
0x0000000002250000 - 0x0000000002363000 	E:\WORK\Matlab_2018\bin\win64\ctfpackage.dll
0x0000000002370000 - 0x000000000237f000 	E:\WORK\Matlab_2018\bin\win64\mcli18nutil.dll
0x000002a71df10000 - 0x000002a71e020000 	E:\WORK\Matlab_2018\bin\win64\m_interpreter.dll
0x0000000002380000 - 0x0000000002679000 	E:\WORK\Matlab_2018\bin\win64\libmwms.dll
0x000002a71e020000 - 0x000002a71e06d000 	E:\WORK\Matlab_2018\bin\win64\libmwcppmicroservices.dll
0x000002a71e070000 - 0x000002a71e1de000 	E:\WORK\Matlab_2018\bin\win64\CppMicroServices3.dll
0x000002a71e1e0000 - 0x000002a71e60c000 	E:\WORK\Matlab_2018\bin\win64\settingscore.dll
0x000002a71e610000 - 0x000002a71e643000 	E:\WORK\Matlab_2018\bin\win64\libmwsearch_path_utilities.dll
0x000002a71e660000 - 0x000002a71e7bc000 	E:\WORK\Matlab_2018\bin\win64\libmwflstoragevfs.dll
0x000002a71e7c0000 - 0x000002a71e8c7000 	E:\WORK\Matlab_2018\bin\win64\m_dispatcher.dll
0x000002a71e8d0000 - 0x000002a71f04b000 	E:\WORK\Matlab_2018\bin\win64\m_parser.dll
0x0000000002680000 - 0x0000000002813000 	E:\WORK\Matlab_2018\bin\win64\iqm.dll
0x000002a71f050000 - 0x000002a71f0c9000 	E:\WORK\Matlab_2018\bin\win64\mcos.dll
0x0000000002820000 - 0x0000000002833000 	E:\WORK\Matlab_2018\bin\win64\nativejava_services.dll
0x000002a71f0d0000 - 0x000002a71f102000 	E:\WORK\Matlab_2018\bin\win64\string_matrix.dll
0x000002a71f110000 - 0x000002a71f161000 	E:\WORK\Matlab_2018\bin\win64\libmwlivecode.dll
0x000002a71f170000 - 0x000002a71f192000 	E:\WORK\Matlab_2018\bin\win64\addons_javapath.dll
0x0000000002840000 - 0x0000000002898000 	E:\WORK\Matlab_2018\bin\win64\libmwregexp.dll
0x00000000028a0000 - 0x0000000002954000 	E:\WORK\Matlab_2018\bin\win64\mpath.dll
0x000002a71f1a0000 - 0x000002a71f1f1000 	E:\WORK\Matlab_2018\bin\win64\libmwcwf_interface.dll
0x000002a71f200000 - 0x000002a71f239000 	E:\WORK\Matlab_2018\bin\win64\libmwgraphics_state.dll
0x0000000002960000 - 0x00000000029ee000 	E:\WORK\Matlab_2018\bin\win64\libmex.dll
0x00000000029f0000 - 0x0000000002a25000 	E:\WORK\Matlab_2018\bin\win64\ctfdatainterfaces.dll
0x000002a71f240000 - 0x000002a71f262000 	E:\WORK\Matlab_2018\bin\win64\ctfrt.dll
0x000002a71f270000 - 0x000002a71f3ba000 	E:\WORK\Matlab_2018\bin\win64\ctfrtcrypto.dll
0x000002a71f3c0000 - 0x000002a71f4ea000 	E:\WORK\Matlab_2018\bin\win64\libmwfoundation_extdata_array.dll
0x0000000012000000 - 0x0000000012270000 	E:\WORK\Matlab_2018\bin\win64\xerces-c_3_1.dll
0x0000000002a30000 - 0x0000000002a9e000 	E:\WORK\Matlab_2018\bin\win64\opccore.dll
0x0000000002aa0000 - 0x0000000002b12000 	E:\WORK\Matlab_2018\bin\win64\opcmwservices.dll
0x0000000002b20000 - 0x0000000002b50000 	E:\WORK\Matlab_2018\bin\win64\opczippackage.dll
0x0000000002b50000 - 0x0000000002c68000 	E:\WORK\Matlab_2018\bin\win64\xsd_binder.dll
0x0000000002c70000 - 0x0000000002dfd000 	E:\WORK\Matlab_2018\bin\win64\opcmodel.dll
0x0000000002e00000 - 0x0000000002e58000 	E:\WORK\Matlab_2018\bin\win64\libmwbridge.dll
0x000002a71f500000 - 0x000002a71f5a4000 	E:\WORK\Matlab_2018\bin\win64\libmwsearch_path_impl.dll
0x00007ffd78480000 - 0x00007ffd7849d000 	C:\WINDOWS\System32\imagehlp.dll
0x000002a71f6c0000 - 0x000002a71f6d6000 	E:\WORK\Matlab_2018\bin\win64\libmwsearch_path_interfaces.dll
0x000002a71f6e0000 - 0x000002a71f6f0000 	E:\WORK\Matlab_2018\bin\win64\libmwmatlabstoragesystem.dll
0x000002a71f6f0000 - 0x000002a721e0c000 	E:\WORK\Matlab_2018\bin\win64\m_lxe.dll
0x000002a721e10000 - 0x000002a721e4a000 	E:\WORK\Matlab_2018\bin\win64\ddux.dll
0x000002a721e50000 - 0x000002a721ecd000 	E:\WORK\Matlab_2018\bin\win64\libmwstartup_plugin_initializer.dll
0x000002a721ed0000 - 0x000002a721eec000 	E:\WORK\Matlab_2018\bin\win64\libmwstartupplugin.dll
0x000002a721ef0000 - 0x000002a721f07000 	E:\WORK\Matlab_2018\bin\win64\libmwpnpthread.dll
0x000002a721f10000 - 0x000002a722133000 	E:\WORK\Matlab_2018\bin\win64\execution_events.dll
0x000002a722140000 - 0x000002a7222b7000 	E:\WORK\Matlab_2018\bin\win64\libmwmst.dll

VM Arguments:
jvm_args: -javaagent:E:\WORK\Tools\idea\IntelliJ IDEA 2019.1.2\lib\idea_rt.jar=48655:E:\WORK\Tools\idea\IntelliJ IDEA 2019.1.2\bin -Dfile.encoding=UTF-8 
java_command: MainIBEA2
java_class_path (initial): E:\WORK\Tools\jdk8\jre\lib\charsets.jar;E:\WORK\Tools\jdk8\jre\lib\deploy.jar;E:\WORK\Tools\jdk8\jre\lib\ext\access-bridge-64.jar;E:\WORK\Tools\jdk8\jre\lib\ext\cldrdata.jar;E:\WORK\Tools\jdk8\jre\lib\ext\dnsns.jar;E:\WORK\Tools\jdk8\jre\lib\ext\jaccess.jar;E:\WORK\Tools\jdk8\jre\lib\ext\jfxrt.jar;E:\WORK\Tools\jdk8\jre\lib\ext\localedata.jar;E:\WORK\Tools\jdk8\jre\lib\ext\nashorn.jar;E:\WORK\Tools\jdk8\jre\lib\ext\sunec.jar;E:\WORK\Tools\jdk8\jre\lib\ext\sunjce_provider.jar;E:\WORK\Tools\jdk8\jre\lib\ext\sunmscapi.jar;E:\WORK\Tools\jdk8\jre\lib\ext\sunpkcs11.jar;E:\WORK\Tools\jdk8\jre\lib\ext\zipfs.jar;E:\WORK\Tools\jdk8\jre\lib\javaws.jar;E:\WORK\Tools\jdk8\jre\lib\jce.jar;E:\WORK\Tools\jdk8\jre\lib\jfr.jar;E:\WORK\Tools\jdk8\jre\lib\jfxswt.jar;E:\WORK\Tools\jdk8\jre\lib\jsse.jar;E:\WORK\Tools\jdk8\jre\lib\management-agent.jar;E:\WORK\Tools\jdk8\jre\lib\plugin.jar;E:\WORK\Tools\jdk8\jre\lib\resources.jar;E:\WORK\Tools\jdk8\jre\lib\rt.jar;E:\新建文件夹\codeLiteratureNew - 副本\out\production\codeLiterature;F:\科研\TL-JDA\TestJDA\for_redistribution_files_only\TestJDA.jar;E:\WORK\Matlab_2018\toolbox\javabuilder\jar\javabuilder.jar;F:\科研\TL-JDA\MainJDA\for_redistribution_files_only\MainJDA.jar;F:\科研\TL-NEW\main2\for_redistribution_files_only\main.jar;F:\科研\TL-JDA\JDAMMD\for_redistribution_files_only\JDAMMD.jar;F:\科研\TL-JDA\CalMMDFif\for_redistribution_files_only\CalMMD.jar;F:\科研\TL-JDA\CalMMDHun\for_redistribution_files_only\CalMMDHun.jar;F:\科研\TL-NEW\CalW\for_redistribution_files_only\CalW.jar;F:\工作\项目\LYG\jar包\poi-3.17.jar;F:\科研\MOEA\IBEA\CalFitness\for_redistribution_files_only\CalFitness.jar;F:\科研\TL-NEW\TCA\for_redistribution_files_only\TCA.jar;F:\科研\MOEA\B\BDAmmd\for_redistribution_files_only\BDAmmd.jar;F:\科研\MOEA\Metrics\CalIGD\for_redistribution_files_only\CalIGD.jar;F:\科研\MOEA\Metrics\CalHV\for_redistribution_files_only\CalHV.jar;F:\科研\IBEA\EnvironmentalSelection\for_redistribution_files_only\Environme
Launcher Type: SUN_STANDARD

Environment Variables:
JAVA_HOME=E:\WORK\Tools\jdk8
CLASSPATH=.;E:\WORK\Tools\jdk8\lib\dt.jar;E:\WORK\Tools\jdk8\lib\tools.jar;E:\WORK\tomcat7-8080-idea\lib\servlet-api.jar;F:\工作\工具\Lingo\Lingo18.jar
PATH=E:\WORK\Matlab_2018\bin\win64;E:\WORK\Tools\jdk8\bin;E:\WORK\Tools\jdk8\jre\bin;C:\Program Files (x86)\Common Files\Oracle\Java\javapath;E:\WORK\Secure\;C:\WINDOWS\system32;C:\WINDOWS;C:\WINDOWS\System32\Wbem;C:\WINDOWS\System32\WindowsPowerShell\v1.0\;C:\WINDOWS\System32\OpenSSH\;E:\WORK\tomcat7-8080-idea\bin;E:\WORK\tomcat7-8080-idea\lib;C:\Program Files\Intel\WiFi\bin\;C:\Program Files\Common Files\Intel\WirelessCommon\;E:\WORK\Tools\scala-2.13.0\scala-2.13.0\bin;C:\Program Files\MySQL\MySQL Server 5.7\bin;E:\WORK\Tools\GIT\Git\cmd;E:\WORK\Matlab_2018\runtime\win64;E:\WORK\Matlab_2018\bin;F:\工作\工具\Lingo\;F:\MinGW\mingw32\bin;C:\Users\LESLIE-C7.LESLIE-C7\AppData\Local\Microsoft\WindowsApps;C:\Program Files\Intel\WiFi\bin\;C:\Program Files\Common Files\Intel\WirelessCommon\;C:\Users\LESLIE-C7.LESLIE-C7\AppData\Local\Microsoft\WindowsApps;E:\WORK\VScode\Microsoft VS Code\bin;E:\WORK\Tools\idea\IntelliJ IDEA 2019.1.2\bin
USERNAME=LESLIE-C7
OS=Windows_NT
PROCESSOR_IDENTIFIER=Intel64 Family 6 Model 142 Stepping 10, GenuineIntel



---------------  S Y S T E M  ---------------

OS: Windows 10.0 , 64 bit Build 17134 (10.0.17134.1425)

CPU:total 8 (initial active 8) (4 cores per cpu, 2 threads per core) family 6 model 142 stepping 10, cmov, cx8, fxsr, mmx, sse, sse2, sse3, ssse3, sse4.1, sse4.2, popcnt, avx, avx2, aes, clmul, erms, 3dnowpref, lzcnt, ht, tsc, tscinvbit, bmi1, bmi2, adx

Memory: 4k page, physical 8259240k(1479524k free), swap 33425064k(48k free)

vm_info: Java HotSpot(TM) 64-Bit Server VM (25.261-b12) for windows-amd64 JRE (1.8.0_261-b12), built on Jun 18 2020 06:56:32 by "" with unknown MS VC++:1916

time: Fri Jul 30 09:21:18 2021
timezone: 中国标准时间
elapsed time: 471 seconds (0d 0h 7m 51s)

