#
# There is insufficient memory for the Java Runtime Environment to continue.
# Native memory allocation (malloc) failed to allocate 4088 bytes for AllocateHeap
# Possible reasons:
#   The system is out of physical RAM or swap space
#   The process is running with CompressedOops enabled, and the Java Heap may be blocking the growth of the native heap
# Possible solutions:
#   Reduce memory load on the system
#   Increase physical memory or swap space
#   Check if swap backing store is full
#   Decrease Java heap size (-Xmx/-Xms)
#   Decrease number of Java threads
#   Decrease Java thread stack sizes (-Xss)
#   Set larger code cache with -XX:ReservedCodeCacheSize=
#   JVM is running with Unscaled Compressed Oops mode in which the Java heap is
#     placed in the first 4GB address space. The Java Heap base address is the
#     maximum limit for the native heap growth. Please use -XX:HeapBaseMinAddress
#     to set the Java Heap base and to place the Java Heap above 4GB virtual address.
# This output file may be truncated or incomplete.
#
#  Out of Memory Error (memory/allocation.inline.hpp:61), pid=18896, tid=0x0000000000005130
#
# JRE version: Java(TM) SE Runtime Environment (8.0_261-b12) (build 1.8.0_261-b12)
# Java VM: Java HotSpot(TM) 64-Bit Server VM (25.261-b12 mixed mode windows-amd64 compressed oops)
# Failed to write core dump. Minidumps are not enabled by default on client versions of Windows
#

---------------  T H R E A D  ---------------

Current thread (0x000002d96b63c800):  GCTaskThread [stack: 0x000000ffd8300000,0x000000ffd8400000] [id=20784]

Stack: [0x000000ffd8300000,0x000000ffd8400000]
Native frames: (J=compiled Java code, j=interpreted, Vv=VM code, C=native code)
V  [jvm.dll+0x33e5f9]


---------------  P R O C E S S  ---------------

Java Threads: ( => current thread )
  0x000002d90829a800 JavaThread "Settings Releaser" daemon [_thread_blocked, id=15384, stack(0x000000ffda400000,0x000000ffda500000)]
  0x000002d90960d800 JavaThread "EventMgr Dispatcher" daemon [_thread_in_native, id=20956, stack(0x000000ffda300000,0x000000ffda400000)]
  0x000002d909330000 JavaThread "MATLAB Compiler Runtime" daemon [_thread_in_native, id=1732, stack(0x000000ffd9900000,0x000000ffda100000)]
  0x000002d904809800 JavaThread "AWT-Windows" daemon [_thread_in_native, id=15664, stack(0x000000ffd9400000,0x000000ffd9500000)]
  0x000002d90415e000 JavaThread "Java2D Disposer" daemon [_thread_blocked, id=4616, stack(0x000000ffd9200000,0x000000ffd9300000)]
  0x000002d97f876000 JavaThread "Service Thread" daemon [_thread_blocked, id=12108, stack(0x000000ffd9000000,0x000000ffd9100000)]
  0x000002d97f7df000 JavaThread "C1 CompilerThread3" daemon [_thread_blocked, id=22136, stack(0x000000ffd8f00000,0x000000ffd9000000)]
  0x000002d97f7d8800 JavaThread "C2 CompilerThread2" daemon [_thread_blocked, id=21588, stack(0x000000ffd8e00000,0x000000ffd8f00000)]
  0x000002d97f7d5000 JavaThread "C2 CompilerThread1" daemon [_thread_blocked, id=20928, stack(0x000000ffd8d00000,0x000000ffd8e00000)]
  0x000002d97f7cf000 JavaThread "C2 CompilerThread0" daemon [_thread_blocked, id=4436, stack(0x000000ffd8c00000,0x000000ffd8d00000)]
  0x000002d97f7cd000 JavaThread "Monitor Ctrl-Break" daemon [_thread_in_native, id=15500, stack(0x000000ffd8b00000,0x000000ffd8c00000)]
  0x000002d97d9c8000 JavaThread "Attach Listener" daemon [_thread_blocked, id=12952, stack(0x000000ffd8a00000,0x000000ffd8b00000)]
  0x000002d97da1f000 JavaThread "Signal Dispatcher" daemon [_thread_blocked, id=21452, stack(0x000000ffd8900000,0x000000ffd8a00000)]
  0x000002d97d99a000 JavaThread "Finalizer" daemon [_thread_blocked, id=1860, stack(0x000000ffd8800000,0x000000ffd8900000)]
  0x000002d97d991000 JavaThread "Reference Handler" daemon [_thread_blocked, id=3652, stack(0x000000ffd8700000,0x000000ffd8800000)]
  0x000002d96b621000 JavaThread "main" [_thread_blocked, id=9608, stack(0x000000ffd7d00000,0x000000ffd7e00000)]

Other Threads:
  0x000002d97d969000 VMThread [stack: 0x000000ffd8600000,0x000000ffd8700000] [id=10400]
  0x000002d97f80d800 WatcherThread [stack: 0x000000ffd9100000,0x000000ffd9200000] [id=9656]

=>0x000002d96b63c800 (exited) GCTaskThread [stack: 0x000000ffd8300000,0x000000ffd8400000] [id=20784]

VM state:at safepoint (normal execution)

VM Mutex/Monitor currently owned by a thread:  ([mutex/lock_event])
[0x000002d96b61f380] Threads_lock - owner thread: 0x000002d97d969000
[0x000002d96b61e900] Heap_lock - owner thread: 0x000002d96b621000

heap address: 0x0000000081e00000, size: 2018 MB, Compressed Oops mode: 32-bit
Narrow klass base: 0x0000000000000000, Narrow klass shift: 3
Compressed class space size: 1073741824 Address: 0x0000000100000000

Heap:
 PSYoungGen      total 610304K, used 580096K [0x00000000d5f80000, 0x00000000fd800000, 0x0000000100000000)
  eden space 580096K, 100% used [0x00000000d5f80000,0x00000000f9600000,0x00000000f9600000)
  from space 30208K, 0% used [0x00000000f9600000,0x00000000f9600000,0x00000000fb380000)
  to   space 31744K, 99% used [0x00000000fb900000,0x00000000fd7fa888,0x00000000fd800000)
 ParOldGen       total 1377792K, used 1377786K [0x0000000081e00000, 0x00000000d5f80000, 0x00000000d5f80000)
  object space 1377792K, 99% used [0x0000000081e00000,0x00000000d5f7e868,0x00000000d5f80000)
 Metaspace       used 13682K, capacity 14056K, committed 14208K, reserved 1062912K
  class space    used 1503K, capacity 1643K, committed 1664K, reserved 1048576K

Card table byte_map: [0x000002d97c490000,0x000002d97c890000] byte_map_base: 0x000002d97c081000

Marking Bits: (ParMarkBitMap*) 0x000000006f094fb0
 Begin Bits: [0x000002d900000000, 0x000002d901f88000)
 End Bits:   [0x000002d901f88000, 0x000002d903f10000)

Polling page: 0x000002d96b850000

CodeCache: size=245760Kb used=9798Kb max_used=14662Kb free=235961Kb
 bounds [0x000002d96d0d0000, 0x000002d96df40000, 0x000002d97c0d0000]
 total_blobs=2211 nmethods=1698 adapters=426
 compilation: enabled

Compilation events (10 events):
Event: 1013.809 Thread 0x000002d97f7df000 2269  s    3       java.io.BufferedOutputStream::write (67 bytes)
Event: 1013.810 Thread 0x000002d97f7df000 nmethod 2269 0x000002d96d622990 code [0x000002d96d622b60, 0x000002d96d6233c0]
Event: 1013.811 Thread 0x000002d97f7df000 2270       3       java.io.FileOutputStream::write (12 bytes)
Event: 1013.811 Thread 0x000002d97f7df000 nmethod 2270 0x000002d96d48b810 code [0x000002d96d48b980, 0x000002d96d48bb10]
Event: 1014.077 Thread 0x000002d97f7df000 2271       3       java.util.ArrayList::remove (69 bytes)
Event: 1014.078 Thread 0x000002d97f7df000 nmethod 2271 0x000002d96d7221d0 code [0x000002d96d722380, 0x000002d96d722990]
Event: 1017.446 Thread 0x000002d97f7df000 2272       3       java.io.BufferedWriter::newLine (9 bytes)
Event: 1017.447 Thread 0x000002d97f7df000 nmethod 2272 0x000002d96d3174d0 code [0x000002d96d317640, 0x000002d96d3179b0]
Event: 1022.550 Thread 0x000002d97f7d8800 2273       4       java.util.TimSort::mergeCollapse (101 bytes)
Event: 1022.553 Thread 0x000002d97f7d8800 nmethod 2273 0x000002d96db1ead0 code [0x000002d96db1ec40, 0x000002d96db1ee18]

GC Heap History (10 events):
Event: 1016.126 GC heap after
Heap after GC invocations=529 (full 9):
 PSYoungGen      total 610304K, used 158906K [0x00000000d5f80000, 0x00000000fd800000, 0x0000000100000000)
  eden space 580096K, 27% used [0x00000000d5f80000,0x00000000dfaaeb60,0x00000000f9600000)
  from space 30208K, 0% used [0x00000000f9600000,0x00000000f9600000,0x00000000fb380000)
  to   space 31744K, 0% used [0x00000000fb900000,0x00000000fb900000,0x00000000fd800000)
 ParOldGen       total 1377792K, used 1377687K [0x0000000081e00000, 0x00000000d5f80000, 0x00000000d5f80000)
  object space 1377792K, 99% used [0x0000000081e00000,0x00000000d5f65f88,0x00000000d5f80000)
 Metaspace       used 13682K, capacity 14056K, committed 14208K, reserved 1062912K
  class space    used 1503K, capacity 1643K, committed 1664K, reserved 1048576K
}
Event: 1017.622 GC heap before
{Heap before GC invocations=530 (full 10):
 PSYoungGen      total 610304K, used 580096K [0x00000000d5f80000, 0x00000000fd800000, 0x0000000100000000)
  eden space 580096K, 100% used [0x00000000d5f80000,0x00000000f9600000,0x00000000f9600000)
  from space 30208K, 0% used [0x00000000f9600000,0x00000000f9600000,0x00000000fb380000)
  to   space 31744K, 0% used [0x00000000fb900000,0x00000000fb900000,0x00000000fd800000)
 ParOldGen       total 1377792K, used 1377687K [0x0000000081e00000, 0x00000000d5f80000, 0x00000000d5f80000)
  object space 1377792K, 99% used [0x0000000081e00000,0x00000000d5f65f88,0x00000000d5f80000)
 Metaspace       used 13682K, capacity 14056K, committed 14208K, reserved 1062912K
  class space    used 1503K, capacity 1643K, committed 1664K, reserved 1048576K
Event: 1019.333 GC heap after
Heap after GC invocations=530 (full 10):
 PSYoungGen      total 610304K, used 215907K [0x00000000d5f80000, 0x00000000fd800000, 0x0000000100000000)
  eden space 580096K, 37% used [0x00000000d5f80000,0x00000000e3258fe8,0x00000000f9600000)
  from space 30208K, 0% used [0x00000000f9600000,0x00000000f9600000,0x00000000fb380000)
  to   space 31744K, 0% used [0x00000000fb900000,0x00000000fb900000,0x00000000fd800000)
 ParOldGen       total 1377792K, used 1377676K [0x0000000081e00000, 0x00000000d5f80000, 0x00000000d5f80000)
  object space 1377792K, 99% used [0x0000000081e00000,0x00000000d5f63298,0x00000000d5f80000)
 Metaspace       used 13682K, capacity 14056K, committed 14208K, reserved 1062912K
  class space    used 1503K, capacity 1643K, committed 1664K, reserved 1048576K
}
Event: 1020.310 GC heap before
{Heap before GC invocations=531 (full 11):
 PSYoungGen      total 610304K, used 580096K [0x00000000d5f80000, 0x00000000fd800000, 0x0000000100000000)
  eden space 580096K, 100% used [0x00000000d5f80000,0x00000000f9600000,0x00000000f9600000)
  from space 30208K, 0% used [0x00000000f9600000,0x00000000f9600000,0x00000000fb380000)
  to   space 31744K, 0% used [0x00000000fb900000,0x00000000fb900000,0x00000000fd800000)
 ParOldGen       total 1377792K, used 1377676K [0x0000000081e00000, 0x00000000d5f80000, 0x00000000d5f80000)
  object space 1377792K, 99% used [0x0000000081e00000,0x00000000d5f63298,0x00000000d5f80000)
 Metaspace       used 13682K, capacity 14056K, committed 14208K, reserved 1062912K
  class space    used 1503K, capacity 1643K, committed 1664K, reserved 1048576K
Event: 1021.848 GC heap after
Heap after GC invocations=531 (full 11):
 PSYoungGen      total 610304K, used 266934K [0x00000000d5f80000, 0x00000000fd800000, 0x0000000100000000)
  eden space 580096K, 46% used [0x00000000d5f80000,0x00000000e642dac8,0x00000000f9600000)
  from space 30208K, 0% used [0x00000000f9600000,0x00000000f9600000,0x00000000fb380000)
  to   space 31744K, 0% used [0x00000000fb900000,0x00000000fb900000,0x00000000fd800000)
 ParOldGen       total 1377792K, used 1377676K [0x0000000081e00000, 0x00000000d5f80000, 0x00000000d5f80000)
  object space 1377792K, 99% used [0x0000000081e00000,0x00000000d5f63298,0x00000000d5f80000)
 Metaspace       used 13682K, capacity 14056K, committed 14208K, reserved 1062912K
  class space    used 1503K, capacity 1643K, committed 1664K, reserved 1048576K
}
Event: 1022.692 GC heap before
{Heap before GC invocations=532 (full 12):
 PSYoungGen      total 610304K, used 580096K [0x00000000d5f80000, 0x00000000fd800000, 0x0000000100000000)
  eden space 580096K, 100% used [0x00000000d5f80000,0x00000000f9600000,0x00000000f9600000)
  from space 30208K, 0% used [0x00000000f9600000,0x00000000f9600000,0x00000000fb380000)
  to   space 31744K, 0% used [0x00000000fb900000,0x00000000fb900000,0x00000000fd800000)
 ParOldGen       total 1377792K, used 1377676K [0x0000000081e00000, 0x00000000d5f80000, 0x00000000d5f80000)
  object space 1377792K, 99% used [0x0000000081e00000,0x00000000d5f63298,0x00000000d5f80000)
 Metaspace       used 13682K, capacity 14056K, committed 14208K, reserved 1062912K
  class space    used 1503K, capacity 1643K, committed 1664K, reserved 1048576K
Event: 1024.187 GC heap after
Heap after GC invocations=532 (full 12):
 PSYoungGen      total 610304K, used 310156K [0x00000000d5f80000, 0x00000000fd800000, 0x0000000100000000)
  eden space 580096K, 53% used [0x00000000d5f80000,0x00000000e8e63348,0x00000000f9600000)
  from space 30208K, 0% used [0x00000000f9600000,0x00000000f9600000,0x00000000fb380000)
  to   space 31744K, 0% used [0x00000000fb900000,0x00000000fb900000,0x00000000fd800000)
 ParOldGen       total 1377792K, used 1377665K [0x0000000081e00000, 0x00000000d5f80000, 0x00000000d5f80000)
  object space 1377792K, 99% used [0x0000000081e00000,0x00000000d5f605c0,0x00000000d5f80000)
 Metaspace       used 13682K, capacity 14056K, committed 14208K, reserved 1062912K
  class space    used 1503K, capacity 1643K, committed 1664K, reserved 1048576K
}
Event: 1025.092 GC heap before
{Heap before GC invocations=533 (full 13):
 PSYoungGen      total 610304K, used 580096K [0x00000000d5f80000, 0x00000000fd800000, 0x0000000100000000)
  eden space 580096K, 100% used [0x00000000d5f80000,0x00000000f9600000,0x00000000f9600000)
  from space 30208K, 0% used [0x00000000f9600000,0x00000000f9600000,0x00000000fb380000)
  to   space 31744K, 0% used [0x00000000fb900000,0x00000000fb900000,0x00000000fd800000)
 ParOldGen       total 1377792K, used 1377665K [0x0000000081e00000, 0x00000000d5f80000, 0x00000000d5f80000)
  object space 1377792K, 99% used [0x0000000081e00000,0x00000000d5f605c0,0x00000000d5f80000)
 Metaspace       used 13682K, capacity 14056K, committed 14208K, reserved 1062912K
  class space    used 1503K, capacity 1643K, committed 1664K, reserved 1048576K
Event: 1028.042 GC heap after
Heap after GC invocations=533 (full 13):
 PSYoungGen      total 610304K, used 335598K [0x00000000d5f80000, 0x00000000fd800000, 0x0000000100000000)
  eden space 580096K, 57% used [0x00000000d5f80000,0x00000000ea73b938,0x00000000f9600000)
  from space 30208K, 0% used [0x00000000f9600000,0x00000000f9600000,0x00000000fb380000)
  to   space 31744K, 0% used [0x00000000fb900000,0x00000000fb900000,0x00000000fd800000)
 ParOldGen       total 1377792K, used 1377650K [0x0000000081e00000, 0x00000000d5f80000, 0x00000000d5f80000)
  object space 1377792K, 99% used [0x0000000081e00000,0x00000000d5f5c868,0x00000000d5f80000)
 Metaspace       used 13682K, capacity 14056K, committed 14208K, reserved 1062912K
  class space    used 1503K, capacity 1643K, committed 1664K, reserved 1048576K
}
Event: 1028.612 GC heap before
{Heap before GC invocations=534 (full 13):
 PSYoungGen      total 610304K, used 580096K [0x00000000d5f80000, 0x00000000fd800000, 0x0000000100000000)
  eden space 580096K, 100% used [0x00000000d5f80000,0x00000000f9600000,0x00000000f9600000)
  from space 30208K, 0% used [0x00000000f9600000,0x00000000f9600000,0x00000000fb380000)
  to   space 31744K, 0% used [0x00000000fb900000,0x00000000fb900000,0x00000000fd800000)
 ParOldGen       total 1377792K, used 1377650K [0x0000000081e00000, 0x00000000d5f80000, 0x00000000d5f80000)
  object space 1377792K, 99% used [0x0000000081e00000,0x00000000d5f5c868,0x00000000d5f80000)
 Metaspace       used 13682K, capacity 14056K, committed 14208K, reserved 1062912K
  class space    used 1503K, capacity 1643K, committed 1664K, reserved 1048576K

Deoptimization events (10 events):
Event: 60.433 Thread 0x000002d96b621000 Uncommon trap: reason=intrinsic action=make_not_entrant pc=0x000002d96de4cfc4 method=Algorithm.variation(LIndividual;LIndividual;DLTAOG;)Ljava/util/List; @ 7612
Event: 61.697 Thread 0x000002d96b621000 Uncommon trap: reason=intrinsic action=make_not_entrant pc=0x000002d96dde49b4 method=Algorithm.variation(LIndividual;LIndividual;DLTAOG;)Ljava/util/List; @ 5594
Event: 62.023 Thread 0x000002d96b621000 Uncommon trap: reason=intrinsic action=make_not_entrant pc=0x000002d96d5ee7ac method=Algorithm.variation(LIndividual;LIndividual;DLTAOG;)Ljava/util/List; @ 5805
Event: 74.567 Thread 0x000002d96b621000 Uncommon trap: reason=unstable_if action=reinterpret pc=0x000002d96d39c000 method=java.util.Random.nextInt(I)I @ 58
Event: 88.634 Thread 0x000002d96b621000 Uncommon trap: reason=intrinsic action=make_not_entrant pc=0x000002d96dd80124 method=Algorithm.variation(LIndividual;LIndividual;DLTAOG;)Ljava/util/List; @ 7663
Event: 164.036 Thread 0x000002d96b621000 Uncommon trap: reason=unstable_if action=reinterpret pc=0x000002d96d62eafc method=java.util.Random.nextInt(I)I @ 58
Event: 303.148 Thread 0x000002d96b621000 Uncommon trap: reason=intrinsic action=make_not_entrant pc=0x000002d96d9f8920 method=Algorithm.variation(LIndividual;LIndividual;DLTAOG;)Ljava/util/List; @ 5331
Event: 307.499 Thread 0x000002d96b621000 Uncommon trap: reason=unstable_if action=reinterpret pc=0x000002d96d48d3b8 method=Problem.non_dominate_solution(Ljava/util/List;)Ljava/util/List; @ 17
Event: 573.722 Thread 0x000002d96b621000 Uncommon trap: reason=unstable_if action=reinterpret pc=0x000002d96d32963c method=java.util.Random.nextInt(I)I @ 58
Event: 605.642 Thread 0x000002d96b621000 Uncommon trap: reason=unstable_if action=reinterpret pc=0x000002d96db1edb4 method=java.util.TimSort.mergeCollapse()V @ 61

Classes redefined (0 events):
No events

Internal exceptions (10 events):
Event: 955.302 Thread 0x000002d909330000 Exception <a 'java/lang/ClassNotFoundException': sun/net/www/protocol/c/Handler> (0x00000000f45273b0) thrown at [C:\jenkins\workspace\8-2-build-windows-amd64-cygwin\jdk8u261\295\hotspot\src\share\vm\classfile\systemDictionary.cpp, line 210]
Event: 964.356 Thread 0x000002d909330000 Exception <a 'java/lang/ClassNotFoundException': null/c/Handler> (0x00000000d9b6ef70) thrown at [C:\jenkins\workspace\8-2-build-windows-amd64-cygwin\jdk8u261\295\hotspot\src\share\vm\classfile\systemDictionary.cpp, line 210]
Event: 964.356 Thread 0x000002d909330000 Exception <a 'java/lang/ClassNotFoundException': com/mathworks/util/jarloader/c/Handler> (0x00000000d9b71710) thrown at [C:\jenkins\workspace\8-2-build-windows-amd64-cygwin\jdk8u261\295\hotspot\src\share\vm\classfile\systemDictionary.cpp, line 210]
Event: 964.356 Thread 0x000002d909330000 Exception <a 'java/lang/ClassNotFoundException': sun/net/www/protocol/c/Handler> (0x00000000d9b74ff0) thrown at [C:\jenkins\workspace\8-2-build-windows-amd64-cygwin\jdk8u261\295\hotspot\src\share\vm\classfile\systemDictionary.cpp, line 210]
Event: 969.790 Thread 0x000002d909330000 Exception <a 'java/lang/ClassNotFoundException': null/c/Handler> (0x00000000e235d0d8) thrown at [C:\jenkins\workspace\8-2-build-windows-amd64-cygwin\jdk8u261\295\hotspot\src\share\vm\classfile\systemDictionary.cpp, line 210]
Event: 969.790 Thread 0x000002d909330000 Exception <a 'java/lang/ClassNotFoundException': com/mathworks/util/jarloader/c/Handler> (0x00000000e235f878) thrown at [C:\jenkins\workspace\8-2-build-windows-amd64-cygwin\jdk8u261\295\hotspot\src\share\vm\classfile\systemDictionary.cpp, line 210]
Event: 969.790 Thread 0x000002d909330000 Exception <a 'java/lang/ClassNotFoundException': sun/net/www/protocol/c/Handler> (0x00000000e2363158) thrown at [C:\jenkins\workspace\8-2-build-windows-amd64-cygwin\jdk8u261\295\hotspot\src\share\vm\classfile\systemDictionary.cpp, line 210]
Event: 975.734 Thread 0x000002d909330000 Exception <a 'java/lang/ClassNotFoundException': null/c/Handler> (0x00000000eb354870) thrown at [C:\jenkins\workspace\8-2-build-windows-amd64-cygwin\jdk8u261\295\hotspot\src\share\vm\classfile\systemDictionary.cpp, line 210]
Event: 975.734 Thread 0x000002d909330000 Exception <a 'java/lang/ClassNotFoundException': com/mathworks/util/jarloader/c/Handler> (0x00000000eb357010) thrown at [C:\jenkins\workspace\8-2-build-windows-amd64-cygwin\jdk8u261\295\hotspot\src\share\vm\classfile\systemDictionary.cpp, line 210]
Event: 975.734 Thread 0x000002d909330000 Exception <a 'java/lang/ClassNotFoundException': sun/net/www/protocol/c/Handler> (0x00000000eb35a8f0) thrown at [C:\jenkins\workspace\8-2-build-windows-amd64-cygwin\jdk8u261\295\hotspot\src\share\vm\classfile\systemDictionary.cpp, line 210]

Events (10 events):
Event: 1021.848 Executing VM operation: ParallelGCFailedAllocation done
Event: 1022.692 Executing VM operation: ParallelGCFailedAllocation
Event: 1024.187 Executing VM operation: ParallelGCFailedAllocation done
Event: 1024.689 Thread 0x000002d96b621000 DEOPT PACKING pc=0x000002d96d732468 sp=0x000000ffd7dff200
Event: 1024.689 Thread 0x000002d96b621000 DEOPT UNPACKING pc=0x000002d96d117898 sp=0x000000ffd7dfefc0 mode 0
Event: 1024.977 Thread 0x000002d96b621000 DEOPT PACKING pc=0x000002d96d732468 sp=0x000000ffd7dff210
Event: 1024.977 Thread 0x000002d96b621000 DEOPT UNPACKING pc=0x000002d96d117898 sp=0x000000ffd7dfefd0 mode 0
Event: 1025.092 Executing VM operation: ParallelGCFailedAllocation
Event: 1028.042 Executing VM operation: ParallelGCFailedAllocation done
Event: 1028.612 Executing VM operation: ParallelGCFailedAllocation


Dynamic libraries:
0x00007ff616370000 - 0x00007ff6163b7000 	E:\WORK\Tools\jdk8\bin\java.exe
0x00007ff98ffc0000 - 0x00007ff9901a1000 	C:\WINDOWS\SYSTEM32\ntdll.dll
0x00007ff98d990000 - 0x00007ff98da41000 	C:\WINDOWS\System32\KERNEL32.DLL
0x00007ff98c5c0000 - 0x00007ff98c833000 	C:\WINDOWS\System32\KERNELBASE.dll
0x00007ff98f3c0000 - 0x00007ff98f461000 	C:\WINDOWS\System32\ADVAPI32.dll
0x00007ff98da50000 - 0x00007ff98daee000 	C:\WINDOWS\System32\msvcrt.dll
0x00007ff98f140000 - 0x00007ff98f19b000 	C:\WINDOWS\System32\sechost.dll
0x00007ff98f920000 - 0x00007ff98fa44000 	C:\WINDOWS\System32\RPCRT4.dll
0x00007ff98ef40000 - 0x00007ff98f0d1000 	C:\WINDOWS\System32\USER32.dll
0x00007ff98c500000 - 0x00007ff98c520000 	C:\WINDOWS\System32\win32u.dll
0x00007ff98d960000 - 0x00007ff98d988000 	C:\WINDOWS\System32\GDI32.dll
0x00007ff98c360000 - 0x00007ff98c4f3000 	C:\WINDOWS\System32\gdi32full.dll
0x00007ff98c520000 - 0x00007ff98c5bf000 	C:\WINDOWS\System32\msvcp_win.dll
0x00007ff98c890000 - 0x00007ff98c988000 	C:\WINDOWS\System32\ucrtbase.dll
0x00007ff96f660000 - 0x00007ff96f8c9000 	C:\WINDOWS\WinSxS\amd64_microsoft.windows.common-controls_6595b64144ccf1df_6.0.17134.1845_none_d3ffcfc77c905a82\COMCTL32.dll
0x00007ff98fc00000 - 0x00007ff98ff21000 	C:\WINDOWS\System32\combase.dll
0x00007ff98cc90000 - 0x00007ff98cd09000 	C:\WINDOWS\System32\bcryptPrimitives.dll
0x00007ff98d7c0000 - 0x00007ff98d7ed000 	C:\WINDOWS\System32\IMM32.DLL
0x00007ff985280000 - 0x00007ff985295000 	E:\WORK\Tools\jdk8\jre\bin\vcruntime140.dll
0x00007ff97fbe0000 - 0x00007ff97fc7b000 	E:\WORK\Tools\jdk8\jre\bin\msvcp140.dll
0x000000006e8a0000 - 0x000000006f10c000 	E:\WORK\Tools\jdk8\jre\bin\server\jvm.dll
0x00007ff98d8e0000 - 0x00007ff98d8e8000 	C:\WINDOWS\System32\PSAPI.DLL
0x00007ff975ad0000 - 0x00007ff975ad9000 	C:\WINDOWS\SYSTEM32\WSOCK32.dll
0x00007ff985750000 - 0x00007ff985773000 	C:\WINDOWS\SYSTEM32\WINMM.dll
0x00007ff97ee50000 - 0x00007ff97ee5a000 	C:\WINDOWS\SYSTEM32\VERSION.dll
0x00007ff98d8f0000 - 0x00007ff98d95c000 	C:\WINDOWS\System32\WS2_32.dll
0x00007ff985720000 - 0x00007ff98574a000 	C:\WINDOWS\SYSTEM32\winmmbase.dll
0x00007ff98c840000 - 0x00007ff98c889000 	C:\WINDOWS\System32\cfgmgr32.dll
0x00007ff98c2f0000 - 0x00007ff98c301000 	C:\WINDOWS\System32\kernel.appcore.dll
0x00007ff985240000 - 0x00007ff985250000 	E:\WORK\Tools\jdk8\jre\bin\verify.dll
0x00007ff985210000 - 0x00007ff98523b000 	E:\WORK\Tools\jdk8\jre\bin\java.dll
0x00007ff979880000 - 0x00007ff9798b2000 	E:\WORK\Tools\jdk8\jre\bin\instrument.dll
0x00007ff9851f0000 - 0x00007ff985208000 	E:\WORK\Tools\jdk8\jre\bin\zip.dll
0x00007ff98daf0000 - 0x00007ff98ef35000 	C:\WINDOWS\System32\SHELL32.dll
0x00007ff98d5b0000 - 0x00007ff98d659000 	C:\WINDOWS\System32\shcore.dll
0x00007ff98cd10000 - 0x00007ff98d425000 	C:\WINDOWS\System32\windows.storage.dll
0x00007ff98f0e0000 - 0x00007ff98f131000 	C:\WINDOWS\System32\shlwapi.dll
0x00007ff98c2c0000 - 0x00007ff98c2df000 	C:\WINDOWS\System32\profapi.dll
0x00007ff98c310000 - 0x00007ff98c35c000 	C:\WINDOWS\System32\powrprof.dll
0x00007ff98c2e0000 - 0x00007ff98c2ea000 	C:\WINDOWS\System32\FLTLIB.DLL
0x00007ff97f7e0000 - 0x00007ff97f7fa000 	E:\WORK\IDEA\IntelliJ IDEA 2021.1.1\bin\breakgen64.dll
0x00007ff979860000 - 0x00007ff97987c000 	E:\WORK\Tools\jdk8\jre\bin\net.dll
0x00007ff98bb20000 - 0x00007ff98bb86000 	C:\WINDOWS\system32\mswsock.dll
0x0000000180000000 - 0x0000000180066000 	E:\WORK\Matlab_2018\bin\win64\BuilderJABootstrap.dll
0x000002d908810000 - 0x000002d90881f000 	E:\WORK\Matlab_2018\bin\win64\nativedl.dll
0x0000000000570000 - 0x00000000007c5000 	E:\WORK\Matlab_2018\bin\win64\libmwfl.dll
0x00007ff98acc0000 - 0x00007ff98ae89000 	C:\WINDOWS\SYSTEM32\dbghelp.dll
0x00007ff97cac0000 - 0x00007ff97cad5000 	E:\WORK\Matlab_2018\bin\win64\mwboost_date_time-vc140-mt-1_56.dll
0x00007ff97ca50000 - 0x00007ff97ca78000 	E:\WORK\Matlab_2018\bin\win64\mwboost_filesystem-vc140-mt-1_56.dll
0x00007ff9775a0000 - 0x00007ff977649000 	E:\WORK\Matlab_2018\bin\win64\mwboost_log-vc140-mt-1_56.dll
0x00007ff977480000 - 0x00007ff977596000 	E:\WORK\Matlab_2018\bin\win64\mwboost_regex-vc140-mt-1_56.dll
0x00007ff979790000 - 0x00007ff9797d9000 	E:\WORK\Matlab_2018\bin\win64\mwboost_serialization-vc140-mt-1_56.dll
0x00007ff984040000 - 0x00007ff98404c000 	E:\WORK\Matlab_2018\bin\win64\mwboost_system-vc140-mt-1_56.dll
0x00007ff9776e0000 - 0x00007ff977704000 	E:\WORK\Matlab_2018\bin\win64\mwboost_thread-vc140-mt-1_56.dll
0x00007ff9776c0000 - 0x00007ff9776d7000 	E:\WORK\Matlab_2018\bin\win64\libmwcpp11compat.dll
0x00007ff97fbd0000 - 0x00007ff97fbde000 	E:\WORK\Matlab_2018\bin\win64\mwboost_chrono-vc140-mt-1_56.dll
0x00000000007d0000 - 0x0000000000988000 	E:\WORK\Matlab_2018\bin\win64\libmwi18n.dll
0x0000000000990000 - 0x000000000099b000 	E:\WORK\Matlab_2018\bin\win64\libmwresource_core.dll
0x00007ff977690000 - 0x00007ff9776b9000 	E:\WORK\Matlab_2018\bin\win64\LIBEXPAT.dll
0x000000006f730000 - 0x000000006f932000 	E:\WORK\Matlab_2018\bin\win64\icuin59.dll
0x000000006f440000 - 0x000000006f5b5000 	E:\WORK\Matlab_2018\bin\win64\icuuc59.dll
0x000002d909a00000 - 0x000002d90b313000 	E:\WORK\Matlab_2018\bin\win64\icudt59.dll
0x000002d90b320000 - 0x000002d90b846000 	E:\WORK\Matlab_2018\bin\win64\nativemcl.dll
0x00000000009a0000 - 0x0000000000a8d000 	E:\WORK\Matlab_2018\bin\win64\libut.dll
0x00007ff98d660000 - 0x00007ff98d7b2000 	C:\WINDOWS\System32\ole32.dll
0x00007ff98d430000 - 0x00007ff98d4f2000 	C:\WINDOWS\System32\OLEAUT32.dll
0x0000000000a90000 - 0x00000000011bb000 	E:\WORK\Matlab_2018\bin\win64\mlutil.dll
0x000002d90b850000 - 0x000002d90b9ce000 	E:\WORK\Matlab_2018\bin\win64\libmx.dll
0x00000000011c0000 - 0x0000000001592000 	E:\WORK\Matlab_2018\bin\win64\libmwservices.dll
0x000002d90b9d0000 - 0x000002d90bef8000 	E:\WORK\Matlab_2018\bin\win64\mclmcr.dll
0x000002d90bf00000 - 0x000002d90bf7c000 	E:\WORK\Matlab_2018\bin\win64\mclbase.dll
0x00000000015a0000 - 0x0000000001767000 	E:\WORK\Matlab_2018\bin\win64\jmi.dll
0x000002d9088d0000 - 0x000002d9088f5000 	E:\WORK\Matlab_2018\bin\win64\jproxy.dll
0x000002d90bf80000 - 0x000002d90bfd0000 	E:\WORK\Matlab_2018\bin\win64\dservices.dll
0x000000006f710000 - 0x000000006f722000 	E:\WORK\Matlab_2018\bin\win64\icuio59.dll
0x00007ff977430000 - 0x00007ff977474000 	E:\WORK\Matlab_2018\bin\win64\tbb.dll
0x00007ff9773e0000 - 0x00007ff977424000 	E:\WORK\Matlab_2018\bin\win64\tbbmalloc.dll
0x000000006f6f0000 - 0x000000006f70b000 	E:\WORK\Matlab_2018\bin\win64\zlib1.dll
0x00007ff9773c0000 - 0x00007ff9773dc000 	E:\WORK\Matlab_2018\bin\win64\mwboost_iostreams-vc140-mt-1_56.dll
0x00007ff98be00000 - 0x00007ff98be25000 	C:\WINDOWS\SYSTEM32\bcrypt.dll
0x00007ff96e4d0000 - 0x00007ff96e670000 	E:\WORK\Matlab_2018\bin\win64\LIBEAY32.dll
0x000002d90bff0000 - 0x000002d90c031000 	E:\WORK\Matlab_2018\bin\win64\libmwfoundation_usm.dll
0x0000000001770000 - 0x0000000001883000 	E:\WORK\Matlab_2018\bin\win64\ctfpackage.dll
0x0000000001890000 - 0x0000000001c76000 	E:\WORK\Matlab_2018\bin\win64\mvm.dll
0x0000000001c80000 - 0x0000000001e49000 	E:\WORK\Matlab_2018\bin\win64\mcr.dll
0x0000000001e50000 - 0x0000000002149000 	E:\WORK\Matlab_2018\bin\win64\libmwms.dll
0x0000000002150000 - 0x000000000215f000 	E:\WORK\Matlab_2018\bin\win64\mcli18nutil.dll
0x000002d90c040000 - 0x000002d90c150000 	E:\WORK\Matlab_2018\bin\win64\m_interpreter.dll
0x000002d90c150000 - 0x000002d90c19d000 	E:\WORK\Matlab_2018\bin\win64\libmwcppmicroservices.dll
0x000002d90c1a0000 - 0x000002d90c30e000 	E:\WORK\Matlab_2018\bin\win64\CppMicroServices3.dll
0x000002d90c310000 - 0x000002d90c361000 	E:\WORK\Matlab_2018\bin\win64\libmwlivecode.dll
0x0000000002160000 - 0x00000000021b8000 	E:\WORK\Matlab_2018\bin\win64\libmwregexp.dll
0x00000000021c0000 - 0x0000000002274000 	E:\WORK\Matlab_2018\bin\win64\mpath.dll
0x000002d90c380000 - 0x000002d90c3b3000 	E:\WORK\Matlab_2018\bin\win64\libmwsearch_path_utilities.dll
0x000002d90c3c0000 - 0x000002d90c51c000 	E:\WORK\Matlab_2018\bin\win64\libmwflstoragevfs.dll
0x000002d90c520000 - 0x000002d90c571000 	E:\WORK\Matlab_2018\bin\win64\libmwcwf_interface.dll
0x000002d90c580000 - 0x000002d90c9ac000 	E:\WORK\Matlab_2018\bin\win64\settingscore.dll
0x000002d90c9b0000 - 0x000002d90c9e9000 	E:\WORK\Matlab_2018\bin\win64\libmwgraphics_state.dll
0x0000000002280000 - 0x00000000022b5000 	E:\WORK\Matlab_2018\bin\win64\ctfdatainterfaces.dll
0x00000000022c0000 - 0x000000000234e000 	E:\WORK\Matlab_2018\bin\win64\libmex.dll
0x000002d90c9f0000 - 0x000002d90ca12000 	E:\WORK\Matlab_2018\bin\win64\ctfrt.dll
0x000002d90ca20000 - 0x000002d90cb6a000 	E:\WORK\Matlab_2018\bin\win64\ctfrtcrypto.dll
0x000002d90cb70000 - 0x000002d90cc77000 	E:\WORK\Matlab_2018\bin\win64\m_dispatcher.dll
0x000002d90cc80000 - 0x000002d90cdaa000 	E:\WORK\Matlab_2018\bin\win64\libmwfoundation_extdata_array.dll
0x0000000002350000 - 0x00000000024e3000 	E:\WORK\Matlab_2018\bin\win64\iqm.dll
0x000002d90cdb0000 - 0x000002d90d52b000 	E:\WORK\Matlab_2018\bin\win64\m_parser.dll
0x00000000024f0000 - 0x0000000002503000 	E:\WORK\Matlab_2018\bin\win64\nativejava_services.dll
0x000002d90d530000 - 0x000002d90d5a9000 	E:\WORK\Matlab_2018\bin\win64\mcos.dll
0x000002d90d5b0000 - 0x000002d90d5e2000 	E:\WORK\Matlab_2018\bin\win64\string_matrix.dll
0x000002d90d5f0000 - 0x000002d90d612000 	E:\WORK\Matlab_2018\bin\win64\addons_javapath.dll
0x0000000012000000 - 0x0000000012270000 	E:\WORK\Matlab_2018\bin\win64\xerces-c_3_1.dll
0x0000000002510000 - 0x000000000257e000 	E:\WORK\Matlab_2018\bin\win64\opccore.dll
0x0000000002580000 - 0x000000000270d000 	E:\WORK\Matlab_2018\bin\win64\opcmodel.dll
0x0000000002710000 - 0x0000000002782000 	E:\WORK\Matlab_2018\bin\win64\opcmwservices.dll
0x0000000002790000 - 0x00000000027c0000 	E:\WORK\Matlab_2018\bin\win64\opczippackage.dll
0x00000000027c0000 - 0x00000000028d8000 	E:\WORK\Matlab_2018\bin\win64\xsd_binder.dll
0x000002d9098d0000 - 0x000002d909974000 	E:\WORK\Matlab_2018\bin\win64\libmwsearch_path_impl.dll
0x00000000028e0000 - 0x0000000002938000 	E:\WORK\Matlab_2018\bin\win64\libmwbridge.dll
0x000002d9087c0000 - 0x000002d9087d6000 	E:\WORK\Matlab_2018\bin\win64\libmwsearch_path_interfaces.dll
0x00007ff98fbe0000 - 0x00007ff98fbfd000 	C:\WINDOWS\System32\imagehlp.dll
0x000002d9087e0000 - 0x000002d9087f0000 	E:\WORK\Matlab_2018\bin\win64\libmwmatlabstoragesystem.dll
0x000002d90d840000 - 0x000002d90ff5c000 	E:\WORK\Matlab_2018\bin\win64\m_lxe.dll
0x000002d9087f0000 - 0x000002d90880c000 	E:\WORK\Matlab_2018\bin\win64\libmwstartupplugin.dll
0x000002d909980000 - 0x000002d9099ba000 	E:\WORK\Matlab_2018\bin\win64\ddux.dll
0x000002d90ff60000 - 0x000002d90ffdd000 	E:\WORK\Matlab_2018\bin\win64\libmwstartup_plugin_initializer.dll
0x000002d9099c0000 - 0x000002d9099d7000 	E:\WORK\Matlab_2018\bin\win64\libmwpnpthread.dll
0x000002d90ffe0000 - 0x000002d910157000 	E:\WORK\Matlab_2018\bin\win64\libmwmst.dll
0x000002d910160000 - 0x000002d910383000 	E:\WORK\Matlab_2018\bin\win64\execution_events.dll

VM Arguments:
jvm_args: -javaagent:E:\WORK\IDEA\IntelliJ IDEA 2021.1.1\lib\idea_rt.jar=6836:E:\WORK\IDEA\IntelliJ IDEA 2021.1.1\bin -Dfile.encoding=UTF-8 
java_command: Main1
java_class_path (initial): E:\WORK\Tools\jdk8\jre\lib\charsets.jar;E:\WORK\Tools\jdk8\jre\lib\deploy.jar;E:\WORK\Tools\jdk8\jre\lib\ext\access-bridge-64.jar;E:\WORK\Tools\jdk8\jre\lib\ext\cldrdata.jar;E:\WORK\Tools\jdk8\jre\lib\ext\dnsns.jar;E:\WORK\Tools\jdk8\jre\lib\ext\jaccess.jar;E:\WORK\Tools\jdk8\jre\lib\ext\jfxrt.jar;E:\WORK\Tools\jdk8\jre\lib\ext\localedata.jar;E:\WORK\Tools\jdk8\jre\lib\ext\nashorn.jar;E:\WORK\Tools\jdk8\jre\lib\ext\sunec.jar;E:\WORK\Tools\jdk8\jre\lib\ext\sunjce_provider.jar;E:\WORK\Tools\jdk8\jre\lib\ext\sunmscapi.jar;E:\WORK\Tools\jdk8\jre\lib\ext\sunpkcs11.jar;E:\WORK\Tools\jdk8\jre\lib\ext\zipfs.jar;E:\WORK\Tools\jdk8\jre\lib\javaws.jar;E:\WORK\Tools\jdk8\jre\lib\jce.jar;E:\WORK\Tools\jdk8\jre\lib\jfr.jar;E:\WORK\Tools\jdk8\jre\lib\jfxswt.jar;E:\WORK\Tools\jdk8\jre\lib\jsse.jar;E:\WORK\Tools\jdk8\jre\lib\management-agent.jar;E:\WORK\Tools\jdk8\jre\lib\plugin.jar;E:\WORK\Tools\jdk8\jre\lib\resources.jar;E:\WORK\Tools\jdk8\jre\lib\rt.jar;E:\新建文件夹\codeLiteratureNew\out\production\codeLiterature;F:\科研\TL-JDA\TestJDA\for_redistribution_files_only\TestJDA.jar;E:\WORK\Matlab_2018\toolbox\javabuilder\jar\javabuilder.jar;F:\科研\TL\getMMD\for_redistribution_files_only\getMMD.jar;F:\科研\TL-JDA\MainJDA\for_redistribution_files_only\MainJDA.jar;F:\科研\TL-NEW\main2\for_redistribution_files_only\main.jar;F:\科研\TL-JDA\JDAMMD\for_redistribution_files_only\JDAMMD.jar;F:\科研\TL-JDA\CalMMDFif\for_redistribution_files_only\CalMMD.jar;F:\科研\TL-JDA\CalMMDHun\for_redistribution_files_only\CalMMDHun.jar;F:\科研\TL-NEW\CalW\for_redistribution_files_only\CalW.jar;F:\工作\项目\LYG\jar包\poi-3.17.jar;F:\科研\MOEA\IBEA\CalFitness\for_redistribution_files_only\CalFitness.jar;F:\科研\TL-NEW\TCA\for_redistribution_files_only\TCA.jar;F:\科研\MOEA\B\GetBDAdistance\for_redistribution_files_only\GetBDAdistance.jar;F:\科研\MOEA\B\BDAmmd\for_redistribution_files_only\BDAmmd.jar;E:\WORK\IDEA\IntelliJ IDEA 2021.1.1\lib\idea_rt.jar
Launcher Type: SUN_STANDARD

Environment Variables:
JAVA_HOME=E:\WORK\Tools\jdk8
CLASSPATH=.;E:\WORK\Tools\jdk8\lib\dt.jar;E:\WORK\Tools\jdk8\lib\tools.jar;E:\WORK\tomcat7-8080-idea\lib\servlet-api.jar;F:\工作\工具\Lingo\Lingo18.jar
PATH=E:\WORK\Matlab_2018\bin\win64;E:\WORK\Tools\jdk8\bin;E:\WORK\Tools\jdk8\jre\bin;C:\Program Files (x86)\Common Files\Oracle\Java\javapath;E:\WORK\Secure\;C:\WINDOWS\system32;C:\WINDOWS;C:\WINDOWS\System32\Wbem;C:\WINDOWS\System32\WindowsPowerShell\v1.0\;C:\WINDOWS\System32\OpenSSH\;E:\WORK\tomcat7-8080-idea\bin;E:\WORK\tomcat7-8080-idea\lib;C:\Program Files\Intel\WiFi\bin\;C:\Program Files\Common Files\Intel\WirelessCommon\;E:\WORK\Tools\scala-2.13.0\scala-2.13.0\bin;C:\Program Files\MySQL\MySQL Server 5.7\bin;E:\WORK\Tools\GIT\Git\cmd;E:\WORK\Matlab_2018\runtime\win64;E:\WORK\Matlab_2018\bin;F:\工作\工具\Lingo\;F:\MinGW\mingw32\bin;C:\Users\LESLIE-C7.LESLIE-C7\AppData\Local\Microsoft\WindowsApps;C:\Program Files\Intel\WiFi\bin\;C:\Program Files\Common Files\Intel\WirelessCommon\;C:\Users\LESLIE-C7.LESLIE-C7\AppData\Local\Microsoft\WindowsApps;E:\WORK\VScode\Microsoft VS Code\bin
USERNAME=LESLIE-C7
OS=Windows_NT
PROCESSOR_IDENTIFIER=Intel64 Family 6 Model 142 Stepping 10, GenuineIntel



---------------  S Y S T E M  ---------------

OS: Windows 10.0 , 64 bit Build 17134 (10.0.17134.1425)

CPU:total 8 (initial active 8) (4 cores per cpu, 2 threads per core) family 6 model 142 stepping 10, cmov, cx8, fxsr, mmx, sse, sse2, sse3, ssse3, sse4.1, sse4.2, popcnt, avx, avx2, aes, clmul, erms, 3dnowpref, lzcnt, ht, tsc, tscinvbit, bmi1, bmi2, adx

Memory: 4k page, physical 8259240k(1093640k free), swap 33425064k(0k free)

vm_info: Java HotSpot(TM) 64-Bit Server VM (25.261-b12) for windows-amd64 JRE (1.8.0_261-b12), built on Jun 18 2020 06:56:32 by "" with unknown MS VC++:1916

time: Sat May 15 18:57:13 2021
timezone: 中国标准时间
elapsed time: 1032 seconds (0d 0h 17m 12s)

